This is pdfTeX, Version 3.141592653-2.6-1.40.26 (TeX Live 2024) (preloaded format=pdflatex 2024.12.12)  10 APR 2025 08:33
entering extended mode
 restricted \write18 enabled.
 %&-line parsing enabled.
**rmd_final.tex
(./rmd_final.tex
LaTeX2e <2024-11-01> patch level 1
L3 programming layer <2024-11-02>
(c:/ProgramData/TinyTeX/texmf-dist/tex/latex/base/article.cls
Document Class: article 2024/06/29 v1.4n Standard LaTeX document class
(c:/ProgramData/TinyTeX/texmf-dist/tex/latex/base/size12.clo
File: size12.clo 2024/06/29 v1.4n Standard LaTeX file (size option)
)
\c@part=\count196
\c@section=\count197
\c@subsection=\count198
\c@subsubsection=\count199
\c@paragraph=\count266
\c@subparagraph=\count267
\c@figure=\count268
\c@table=\count269
\abovecaptionskip=\skip49
\belowcaptionskip=\skip50
\bibindent=\dimen141
) (c:/ProgramData/TinyTeX/texmf-dist/tex/latex/amsmath/amsmath.sty
Package: amsmath 2024/11/05 v2.17t AMS math features
\@mathmargin=\skip51
For additional information on amsmath, use the `?' option.
(c:/ProgramData/TinyTeX/texmf-dist/tex/latex/amsmath/amstext.sty
Package: amstext 2021/08/26 v2.01 AMS text
(c:/ProgramData/TinyTeX/texmf-dist/tex/latex/amsmath/amsgen.sty
File: amsgen.sty 1999/11/30 v2.0 generic functions
\@emptytoks=\toks17
\ex@=\dimen142
)) (c:/ProgramData/TinyTeX/texmf-dist/tex/latex/amsmath/amsbsy.sty
Package: amsbsy 1999/11/29 v1.2d Bold Symbols
\pmbraise@=\dimen143
) (c:/ProgramData/TinyTeX/texmf-dist/tex/latex/amsmath/amsopn.sty
Package: amsopn 2022/04/08 v2.04 operator names
)
\inf@bad=\count270
LaTeX Info: Redefining \frac on input line 233.
\uproot@=\count271
\leftroot@=\count272
LaTeX Info: Redefining \overline on input line 398.
LaTeX Info: Redefining \colon on input line 409.
\classnum@=\count273
\DOTSCASE@=\count274
LaTeX Info: Redefining \ldots on input line 495.
LaTeX Info: Redefining \dots on input line 498.
LaTeX Info: Redefining \cdots on input line 619.
\Mathstrutbox@=\box52
\strutbox@=\box53
LaTeX Info: Redefining \big on input line 721.
LaTeX Info: Redefining \Big on input line 722.
LaTeX Info: Redefining \bigg on input line 723.
LaTeX Info: Redefining \Bigg on input line 724.
\big@size=\dimen144
LaTeX Font Info:    Redeclaring font encoding OML on input line 742.
LaTeX Font Info:    Redeclaring font encoding OMS on input line 743.
\macc@depth=\count275
LaTeX Info: Redefining \bmod on input line 904.
LaTeX Info: Redefining \pmod on input line 909.
LaTeX Info: Redefining \smash on input line 939.
LaTeX Info: Redefining \relbar on input line 969.
LaTeX Info: Redefining \Relbar on input line 970.
\c@MaxMatrixCols=\count276
\dotsspace@=\muskip17
\c@parentequation=\count277
\dspbrk@lvl=\count278
\tag@help=\toks18
\row@=\count279
\column@=\count280
\maxfields@=\count281
\andhelp@=\toks19
\eqnshift@=\dimen145
\alignsep@=\dimen146
\tagshift@=\dimen147
\tagwidth@=\dimen148
\totwidth@=\dimen149
\lineht@=\dimen150
\@envbody=\toks20
\multlinegap=\skip52
\multlinetaggap=\skip53
\mathdisplay@stack=\toks21
LaTeX Info: Redefining \[ on input line 2953.
LaTeX Info: Redefining \] on input line 2954.
) (c:/ProgramData/TinyTeX/texmf-dist/tex/latex/amsfonts/amssymb.sty
Package: amssymb 2013/01/14 v3.01 AMS font symbols
(c:/ProgramData/TinyTeX/texmf-dist/tex/latex/amsfonts/amsfonts.sty
Package: amsfonts 2013/01/14 v3.01 Basic AMSFonts support
\symAMSa=\mathgroup4
\symAMSb=\mathgroup5
LaTeX Font Info:    Redeclaring math symbol \hbar on input line 98.
LaTeX Font Info:    Overwriting math alphabet `\mathfrak' in version `bold'
(Font)                  U/euf/m/n --> U/euf/b/n on input line 106.
)) (c:/ProgramData/TinyTeX/texmf-dist/tex/generic/iftex/iftex.sty
Package: iftex 2024/12/12 v1.0g TeX engine tests
) (c:/ProgramData/TinyTeX/texmf-dist/tex/latex/base/fontenc.sty
Package: fontenc 2021/04/29 v2.0v Standard LaTeX package
) (c:/ProgramData/TinyTeX/texmf-dist/tex/latex/base/inputenc.sty
Package: inputenc 2024/02/08 v1.3d Input encoding file
\inpenc@prehook=\toks22
\inpenc@posthook=\toks23
) (c:/ProgramData/TinyTeX/texmf-dist/tex/latex/base/textcomp.sty
Package: textcomp 2024/04/24 v2.1b Standard LaTeX package
) (c:/ProgramData/TinyTeX/texmf-dist/tex/latex/lm/lmodern.sty
Package: lmodern 2015/05/01 v1.6.1 Latin Modern Fonts
LaTeX Font Info:    Overwriting symbol font `operators' in version `normal'
(Font)                  OT1/cmr/m/n --> OT1/lmr/m/n on input line 22.
LaTeX Font Info:    Overwriting symbol font `letters' in version `normal'
(Font)                  OML/cmm/m/it --> OML/lmm/m/it on input line 23.
LaTeX Font Info:    Overwriting symbol font `symbols' in version `normal'
(Font)                  OMS/cmsy/m/n --> OMS/lmsy/m/n on input line 24.
LaTeX Font Info:    Overwriting symbol font `largesymbols' in version `normal'
(Font)                  OMX/cmex/m/n --> OMX/lmex/m/n on input line 25.
LaTeX Font Info:    Overwriting symbol font `operators' in version `bold'
(Font)                  OT1/cmr/bx/n --> OT1/lmr/bx/n on input line 26.
LaTeX Font Info:    Overwriting symbol font `letters' in version `bold'
(Font)                  OML/cmm/b/it --> OML/lmm/b/it on input line 27.
LaTeX Font Info:    Overwriting symbol font `symbols' in version `bold'
(Font)                  OMS/cmsy/b/n --> OMS/lmsy/b/n on input line 28.
LaTeX Font Info:    Overwriting symbol font `largesymbols' in version `bold'
(Font)                  OMX/cmex/m/n --> OMX/lmex/m/n on input line 29.
LaTeX Font Info:    Overwriting math alphabet `\mathbf' in version `normal'
(Font)                  OT1/cmr/bx/n --> OT1/lmr/bx/n on input line 31.
LaTeX Font Info:    Overwriting math alphabet `\mathsf' in version `normal'
(Font)                  OT1/cmss/m/n --> OT1/lmss/m/n on input line 32.
LaTeX Font Info:    Overwriting math alphabet `\mathit' in version `normal'
(Font)                  OT1/cmr/m/it --> OT1/lmr/m/it on input line 33.
LaTeX Font Info:    Overwriting math alphabet `\mathtt' in version `normal'
(Font)                  OT1/cmtt/m/n --> OT1/lmtt/m/n on input line 34.
LaTeX Font Info:    Overwriting math alphabet `\mathbf' in version `bold'
(Font)                  OT1/cmr/bx/n --> OT1/lmr/bx/n on input line 35.
LaTeX Font Info:    Overwriting math alphabet `\mathsf' in version `bold'
(Font)                  OT1/cmss/bx/n --> OT1/lmss/bx/n on input line 36.
LaTeX Font Info:    Overwriting math alphabet `\mathit' in version `bold'
(Font)                  OT1/cmr/bx/it --> OT1/lmr/bx/it on input line 37.
LaTeX Font Info:    Overwriting math alphabet `\mathtt' in version `bold'
(Font)                  OT1/cmtt/m/n --> OT1/lmtt/m/n on input line 38.
) (c:/ProgramData/TinyTeX/texmf-dist/tex/latex/xcolor/xcolor.sty
Package: xcolor 2024/09/29 v3.02 LaTeX color extensions (UK)
(c:/ProgramData/TinyTeX/texmf-dist/tex/latex/graphics-cfg/color.cfg
File: color.cfg 2016/01/02 v1.6 sample color configuration
)
Package xcolor Info: Driver file: pdftex.def on input line 274.
(c:/ProgramData/TinyTeX/texmf-dist/tex/latex/graphics-def/pdftex.def
File: pdftex.def 2024/04/13 v1.2c Graphics/color driver for pdftex
) (c:/ProgramData/TinyTeX/texmf-dist/tex/latex/graphics/mathcolor.ltx)
Package xcolor Info: Model `cmy' substituted by `cmy0' on input line 1349.
Package xcolor Info: Model `hsb' substituted by `rgb' on input line 1353.
Package xcolor Info: Model `RGB' extended on input line 1365.
Package xcolor Info: Model `HTML' substituted by `rgb' on input line 1367.
Package xcolor Info: Model `Hsb' substituted by `hsb' on input line 1368.
Package xcolor Info: Model `tHsb' substituted by `hsb' on input line 1369.
Package xcolor Info: Model `HSB' substituted by `hsb' on input line 1370.
Package xcolor Info: Model `Gray' substituted by `gray' on input line 1371.
Package xcolor Info: Model `wave' substituted by `hsb' on input line 1372.
) (c:/ProgramData/TinyTeX/texmf-dist/tex/latex/geometry/geometry.sty
Package: geometry 2020/01/02 v5.9 Page Geometry
(c:/ProgramData/TinyTeX/texmf-dist/tex/latex/graphics/keyval.sty
Package: keyval 2022/05/29 v1.15 key=value parser (DPC)
\KV@toks@=\toks24
) (c:/ProgramData/TinyTeX/texmf-dist/tex/generic/iftex/ifvtex.sty
Package: ifvtex 2019/10/25 v1.7 ifvtex legacy package. Use iftex instead.
)
\Gm@cnth=\count282
\Gm@cntv=\count283
\c@Gm@tempcnt=\count284
\Gm@bindingoffset=\dimen151
\Gm@wd@mp=\dimen152
\Gm@odd@mp=\dimen153
\Gm@even@mp=\dimen154
\Gm@layoutwidth=\dimen155
\Gm@layoutheight=\dimen156
\Gm@layouthoffset=\dimen157
\Gm@layoutvoffset=\dimen158
\Gm@dimlist=\toks25
) (c:/ProgramData/TinyTeX/texmf-dist/tex/latex/fancyvrb/fancyvrb.sty
Package: fancyvrb 2024/01/20 4.5c verbatim text (tvz,hv)
\FV@CodeLineNo=\count285
\FV@InFile=\read2
\FV@TabBox=\box54
\c@FancyVerbLine=\count286
\FV@StepNumber=\count287
\FV@OutFile=\write3
) (c:/ProgramData/TinyTeX/texmf-dist/tex/latex/framed/framed.sty
Package: framed 2011/10/22 v 0.96: framed or shaded text with page breaks
\OuterFrameSep=\skip54
\fb@frw=\dimen159
\fb@frh=\dimen160
\FrameRule=\dimen161
\FrameSep=\dimen162
) (c:/ProgramData/TinyTeX/texmf-dist/tex/latex/tools/longtable.sty
Package: longtable 2024-10-27 v4.22 Multi-page Table package (DPC)
\LTleft=\skip55
\LTright=\skip56
\LTpre=\skip57
\LTpost=\skip58
\LTchunksize=\count288
\LTcapwidth=\dimen163
\LT@head=\box55
\LT@firsthead=\box56
\LT@foot=\box57
\LT@lastfoot=\box58
\LT@gbox=\box59
\LT@cols=\count289
\LT@rows=\count290
\c@LT@tables=\count291
\c@LT@chunks=\count292
\LT@p@ftn=\toks26
) (c:/ProgramData/TinyTeX/texmf-dist/tex/latex/booktabs/booktabs.sty
Package: booktabs 2020/01/12 v1.61803398 Publication quality tables
\heavyrulewidth=\dimen164
\lightrulewidth=\dimen165
\cmidrulewidth=\dimen166
\belowrulesep=\dimen167
\belowbottomsep=\dimen168
\aboverulesep=\dimen169
\abovetopsep=\dimen170
\cmidrulesep=\dimen171
\cmidrulekern=\dimen172
\defaultaddspace=\dimen173
\@cmidla=\count293
\@cmidlb=\count294
\@aboverulesep=\dimen174
\@belowrulesep=\dimen175
\@thisruleclass=\count295
\@lastruleclass=\count296
\@thisrulewidth=\dimen176
) (c:/ProgramData/TinyTeX/texmf-dist/tex/latex/tools/array.sty
Package: array 2024/10/17 v2.6g Tabular extension package (FMi)
\col@sep=\dimen177
\ar@mcellbox=\box60
\extrarowheight=\dimen178
\NC@list=\toks27
\extratabsurround=\skip59
\backup@length=\skip60
\ar@cellbox=\box61
) (c:/ProgramData/TinyTeX/texmf-dist/tex/latex/tools/calc.sty
Package: calc 2023/07/08 v4.3 Infix arithmetic (KKT,FJ)
\calc@Acount=\count297
\calc@Bcount=\count298
\calc@Adimen=\dimen179
\calc@Bdimen=\dimen180
\calc@Askip=\skip61
\calc@Bskip=\skip62
LaTeX Info: Redefining \setlength on input line 80.
LaTeX Info: Redefining \addtolength on input line 81.
\calc@Ccount=\count299
\calc@Cskip=\skip63
) (c:/ProgramData/TinyTeX/texmf-dist/tex/latex/etoolbox/etoolbox.sty
Package: etoolbox 2025/02/11 v2.5l e-TeX tools for LaTeX (JAW)
\etb@tempcnta=\count300
) (c:/ProgramData/TinyTeX/texmf-dist/tex/latex/mdwtools/footnote.sty
Package: footnote 1997/01/28 1.13 Save footnotes around boxes
\fn@notes=\box62
\fn@width=\dimen181
) (c:/ProgramData/TinyTeX/texmf-dist/tex/latex/graphics/graphicx.sty
Package: graphicx 2021/09/16 v1.2d Enhanced LaTeX Graphics (DPC,SPQR)
(c:/ProgramData/TinyTeX/texmf-dist/tex/latex/graphics/graphics.sty
Package: graphics 2024/08/06 v1.4g Standard LaTeX Graphics (DPC,SPQR)
(c:/ProgramData/TinyTeX/texmf-dist/tex/latex/graphics/trig.sty
Package: trig 2023/12/02 v1.11 sin cos tan (DPC)
) (c:/ProgramData/TinyTeX/texmf-dist/tex/latex/graphics-cfg/graphics.cfg
File: graphics.cfg 2016/06/04 v1.11 sample graphics configuration
)
Package graphics Info: Driver file: pdftex.def on input line 106.
)
\Gin@req@height=\dimen182
\Gin@req@width=\dimen183
) (c:/ProgramData/TinyTeX/texmf-dist/tex/latex/fancyhdr/fancyhdr.sty
Package: fancyhdr 2025/02/07 v5.2 Extensive control of page headers and footers
\f@nch@headwidth=\skip64
\f@nch@offset@elh=\skip65
\f@nch@offset@erh=\skip66
\f@nch@offset@olh=\skip67
\f@nch@offset@orh=\skip68
\f@nch@offset@elf=\skip69
\f@nch@offset@erf=\skip70
\f@nch@offset@olf=\skip71
\f@nch@offset@orf=\skip72
\f@nch@height=\skip73
\f@nch@footalignment=\skip74
\f@nch@widthL=\skip75
\f@nch@widthC=\skip76
\f@nch@widthR=\skip77
\@temptokenb=\toks28
) (c:/ProgramData/TinyTeX/texmf-dist/tex/latex/caption/caption.sty
Package: caption 2023/08/05 v3.6o Customizing captions (AR)
(c:/ProgramData/TinyTeX/texmf-dist/tex/latex/caption/caption3.sty
Package: caption3 2023/07/31 v2.4d caption3 kernel (AR)
\caption@tempdima=\dimen184
\captionmargin=\dimen185
\caption@leftmargin=\dimen186
\caption@rightmargin=\dimen187
\caption@width=\dimen188
\caption@indent=\dimen189
\caption@parindent=\dimen190
\caption@hangindent=\dimen191
Package caption Info: Standard document class detected.
)
\c@caption@flags=\count301
\c@continuedfloat=\count302
Package caption Info: longtable package is loaded.
(c:/ProgramData/TinyTeX/texmf-dist/tex/latex/caption/ltcaption.sty
Package: ltcaption 2021/01/08 v1.4c longtable captions (AR)
)) (c:/ProgramData/TinyTeX/texmf-dist/tex/latex/bookmark/bookmark.sty
Package: bookmark 2023-12-10 v1.31 PDF bookmarks (HO)
(c:/ProgramData/TinyTeX/texmf-dist/tex/latex/hyperref/hyperref.sty
Package: hyperref 2024-11-05 v7.01l Hypertext links for LaTeX
(c:/ProgramData/TinyTeX/texmf-dist/tex/latex/kvsetkeys/kvsetkeys.sty
Package: kvsetkeys 2022-10-05 v1.19 Key value parser (HO)
) (c:/ProgramData/TinyTeX/texmf-dist/tex/generic/kvdefinekeys/kvdefinekeys.sty
Package: kvdefinekeys 2019-12-19 v1.6 Define keys (HO)
) (c:/ProgramData/TinyTeX/texmf-dist/tex/generic/pdfescape/pdfescape.sty
Package: pdfescape 2019/12/09 v1.15 Implements pdfTeX's escape features (HO)
(c:/ProgramData/TinyTeX/texmf-dist/tex/generic/ltxcmds/ltxcmds.sty
Package: ltxcmds 2023-12-04 v1.26 LaTeX kernel commands for general use (HO)
) (c:/ProgramData/TinyTeX/texmf-dist/tex/generic/pdftexcmds/pdftexcmds.sty
Package: pdftexcmds 2020-06-27 v0.33 Utility functions of pdfTeX for LuaTeX (HO)
(c:/ProgramData/TinyTeX/texmf-dist/tex/generic/infwarerr/infwarerr.sty
Package: infwarerr 2019/12/03 v1.5 Providing info/warning/error messages (HO)
)
Package pdftexcmds Info: \pdf@primitive is available.
Package pdftexcmds Info: \pdf@ifprimitive is available.
Package pdftexcmds Info: \pdfdraftmode found.
)) (c:/ProgramData/TinyTeX/texmf-dist/tex/latex/hycolor/hycolor.sty
Package: hycolor 2020-01-27 v1.10 Color options for hyperref/bookmark (HO)
) (c:/ProgramData/TinyTeX/texmf-dist/tex/latex/hyperref/nameref.sty
Package: nameref 2023-11-26 v2.56 Cross-referencing by name of section
(c:/ProgramData/TinyTeX/texmf-dist/tex/latex/refcount/refcount.sty
Package: refcount 2019/12/15 v3.6 Data extraction from label references (HO)
) (c:/ProgramData/TinyTeX/texmf-dist/tex/generic/gettitlestring/gettitlestring.sty
Package: gettitlestring 2019/12/15 v1.6 Cleanup title references (HO)
(c:/ProgramData/TinyTeX/texmf-dist/tex/latex/kvoptions/kvoptions.sty
Package: kvoptions 2022-06-15 v3.15 Key value format for package options (HO)
))
\c@section@level=\count303
) (c:/ProgramData/TinyTeX/texmf-dist/tex/generic/stringenc/stringenc.sty
Package: stringenc 2019/11/29 v1.12 Convert strings between diff. encodings (HO)
)
\@linkdim=\dimen192
\Hy@linkcounter=\count304
\Hy@pagecounter=\count305
(c:/ProgramData/TinyTeX/texmf-dist/tex/latex/hyperref/pd1enc.def
File: pd1enc.def 2024-11-05 v7.01l Hyperref: PDFDocEncoding definition (HO)
Now handling font encoding PD1 ...
... no UTF-8 mapping file for font encoding PD1
) (c:/ProgramData/TinyTeX/texmf-dist/tex/generic/intcalc/intcalc.sty
Package: intcalc 2019/12/15 v1.3 Expandable calculations with integers (HO)
)
\Hy@SavedSpaceFactor=\count306
(c:/ProgramData/TinyTeX/texmf-dist/tex/latex/hyperref/puenc.def
File: puenc.def 2024-11-05 v7.01l Hyperref: PDF Unicode definition (HO)
Now handling font encoding PU ...
... no UTF-8 mapping file for font encoding PU
)
Package hyperref Info: Option `unicode' set `true' on input line 4040.
Package hyperref Info: Hyper figures OFF on input line 4157.
Package hyperref Info: Link nesting OFF on input line 4162.
Package hyperref Info: Hyper index ON on input line 4165.
Package hyperref Info: Plain pages OFF on input line 4172.
Package hyperref Info: Backreferencing OFF on input line 4177.
Package hyperref Info: Implicit mode ON; LaTeX internals redefined.
Package hyperref Info: Bookmarks ON on input line 4424.
\c@Hy@tempcnt=\count307
(c:/ProgramData/TinyTeX/texmf-dist/tex/latex/url/url.sty
\Urlmuskip=\muskip18
Package: url 2013/09/16  ver 3.4  Verb mode for urls, etc.
)
LaTeX Info: Redefining \url on input line 4763.
\XeTeXLinkMargin=\dimen193
(c:/ProgramData/TinyTeX/texmf-dist/tex/generic/bitset/bitset.sty
Package: bitset 2019/12/09 v1.3 Handle bit-vector datatype (HO)
(c:/ProgramData/TinyTeX/texmf-dist/tex/generic/bigintcalc/bigintcalc.sty
Package: bigintcalc 2019/12/15 v1.5 Expandable calculations on big integers (HO)
))
\Fld@menulength=\count308
\Field@Width=\dimen194
\Fld@charsize=\dimen195
Package hyperref Info: Hyper figures OFF on input line 6042.
Package hyperref Info: Link nesting OFF on input line 6047.
Package hyperref Info: Hyper index ON on input line 6050.
Package hyperref Info: backreferencing OFF on input line 6057.
Package hyperref Info: Link coloring OFF on input line 6062.
Package hyperref Info: Link coloring with OCG OFF on input line 6067.
Package hyperref Info: PDF/A mode OFF on input line 6072.
(c:/ProgramData/TinyTeX/texmf-dist/tex/latex/base/atbegshi-ltx.sty
Package: atbegshi-ltx 2021/01/10 v1.0c Emulation of the original atbegshi
package with kernel methods
)
\Hy@abspage=\count309
\c@Item=\count310
\c@Hfootnote=\count311
)
Package hyperref Info: Driver (autodetected): hpdftex.
(c:/ProgramData/TinyTeX/texmf-dist/tex/latex/hyperref/hpdftex.def
File: hpdftex.def 2024-11-05 v7.01l Hyperref driver for pdfTeX
(c:/ProgramData/TinyTeX/texmf-dist/tex/latex/base/atveryend-ltx.sty
Package: atveryend-ltx 2020/08/19 v1.0a Emulation of the original atveryend package
with kernel methods
)
\Fld@listcount=\count312
\c@bookmark@seq@number=\count313
(c:/ProgramData/TinyTeX/texmf-dist/tex/latex/rerunfilecheck/rerunfilecheck.sty
Package: rerunfilecheck 2022-07-10 v1.10 Rerun checks for auxiliary files (HO)
(c:/ProgramData/TinyTeX/texmf-dist/tex/generic/uniquecounter/uniquecounter.sty
Package: uniquecounter 2019/12/15 v1.4 Provide unlimited unique counter (HO)
)
Package uniquecounter Info: New unique counter `rerunfilecheck' on input line 285.
)
\Hy@SectionHShift=\skip78
) (c:/ProgramData/TinyTeX/texmf-dist/tex/latex/bookmark/bkm-pdftex.def
File: bkm-pdftex.def 2023-12-10 v1.31 bookmark driver for pdfTeX and luaTeX (HO)
\BKM@id=\count314
))
LaTeX Font Info:    Trying to load font information for T1+lmr on input line 131.
(c:/ProgramData/TinyTeX/texmf-dist/tex/latex/lm/t1lmr.fd
File: t1lmr.fd 2015/05/01 v1.6.1 Font defs for Latin Modern
) (c:/ProgramData/TinyTeX/texmf-dist/tex/latex/l3backend/l3backend-pdftex.def
File: l3backend-pdftex.def 2024-05-08 L3 backend support: PDF output (pdfTeX)
\l__color_backend_stack_int=\count315
\l__pdf_internal_box=\box63
) (./rmd_final.aux)
\openout1 = `rmd_final.aux'.

LaTeX Font Info:    Checking defaults for OML/cmm/m/it on input line 131.
LaTeX Font Info:    ... okay on input line 131.
LaTeX Font Info:    Checking defaults for OMS/cmsy/m/n on input line 131.
LaTeX Font Info:    ... okay on input line 131.
LaTeX Font Info:    Checking defaults for OT1/cmr/m/n on input line 131.
LaTeX Font Info:    ... okay on input line 131.
LaTeX Font Info:    Checking defaults for T1/cmr/m/n on input line 131.
LaTeX Font Info:    ... okay on input line 131.
LaTeX Font Info:    Checking defaults for TS1/cmr/m/n on input line 131.
LaTeX Font Info:    ... okay on input line 131.
LaTeX Font Info:    Checking defaults for OMX/cmex/m/n on input line 131.
LaTeX Font Info:    ... okay on input line 131.
LaTeX Font Info:    Checking defaults for U/cmr/m/n on input line 131.
LaTeX Font Info:    ... okay on input line 131.
LaTeX Font Info:    Checking defaults for PD1/pdf/m/n on input line 131.
LaTeX Font Info:    ... okay on input line 131.
LaTeX Font Info:    Checking defaults for PU/pdf/m/n on input line 131.
LaTeX Font Info:    ... okay on input line 131.
(c:/ProgramData/TinyTeX/texmf-dist/tex/latex/epstopdf-pkg/epstopdf-base.sty
Package: epstopdf-base 2020-01-24 v2.11 Base part for package epstopdf
Package epstopdf-base Info: Redefining graphics rule for `.eps' on input line 485.
(c:/ProgramData/TinyTeX/texmf-dist/tex/latex/latexconfig/epstopdf-sys.cfg
File: epstopdf-sys.cfg 2010/07/13 v1.3 Configuration of (r)epstopdf for TeX Live
))
*geometry* driver: auto-detecting
*geometry* detected driver: pdftex
*geometry* verbose mode - [ preamble ] result:
* driver: pdftex
* paper: a4paper
* layout: <same size as paper>
* layoutoffset:(h,v)=(0.0pt,0.0pt)
* modes: 
* h-part:(L,W,R)=(89.62709pt, 418.25368pt, 89.6271pt)
* v-part:(T,H,B)=(101.40665pt, 591.5302pt, 152.11pt)
* \paperwidth=597.50787pt
* \paperheight=845.04684pt
* \textwidth=418.25368pt
* \textheight=591.5302pt
* \oddsidemargin=17.3571pt
* \evensidemargin=17.3571pt
* \topmargin=-7.86334pt
* \headheight=12.0pt
* \headsep=25.0pt
* \topskip=12.0pt
* \footskip=30.0pt
* \marginparwidth=44.0pt
* \marginparsep=10.0pt
* \columnsep=10.0pt
* \skip\footins=10.8pt plus 4.0pt minus 2.0pt
* \hoffset=0.0pt
* \voffset=0.0pt
* \mag=1000
* \@twocolumnfalse
* \@twosidefalse
* \@mparswitchfalse
* \@reversemarginfalse
* (1in=72.27pt=25.4mm, 1cm=28.453pt)

Package caption Info: Begin \AtBeginDocument code.
Package caption Info: hyperref package is loaded.
Package caption Info: End \AtBeginDocument code.
Package hyperref Info: Link coloring OFF on input line 131.
LaTeX Font Info:    Trying to load font information for OT1+lmr on input line 133.
(c:/ProgramData/TinyTeX/texmf-dist/tex/latex/lm/ot1lmr.fd
File: ot1lmr.fd 2015/05/01 v1.6.1 Font defs for Latin Modern
)
LaTeX Font Info:    Trying to load font information for OML+lmm on input line 133.
(c:/ProgramData/TinyTeX/texmf-dist/tex/latex/lm/omllmm.fd
File: omllmm.fd 2015/05/01 v1.6.1 Font defs for Latin Modern
)
LaTeX Font Info:    Trying to load font information for OMS+lmsy on input line 133.
(c:/ProgramData/TinyTeX/texmf-dist/tex/latex/lm/omslmsy.fd
File: omslmsy.fd 2015/05/01 v1.6.1 Font defs for Latin Modern
)
LaTeX Font Info:    Trying to load font information for OMX+lmex on input line 133.
(c:/ProgramData/TinyTeX/texmf-dist/tex/latex/lm/omxlmex.fd
File: omxlmex.fd 2015/05/01 v1.6.1 Font defs for Latin Modern
)
LaTeX Font Info:    External font `lmex10' loaded for size
(Font)              <14.4> on input line 133.
LaTeX Font Info:    External font `lmex10' loaded for size
(Font)              <10> on input line 133.
LaTeX Font Info:    External font `lmex10' loaded for size
(Font)              <7> on input line 133.
LaTeX Font Info:    Trying to load font information for U+msa on input line 133.
(c:/ProgramData/TinyTeX/texmf-dist/tex/latex/amsfonts/umsa.fd
File: umsa.fd 2013/01/14 v3.01 AMS symbols A
)
LaTeX Font Info:    Trying to load font information for U+msb on input line 133.
(c:/ProgramData/TinyTeX/texmf-dist/tex/latex/amsfonts/umsb.fd
File: umsb.fd 2013/01/14 v3.01 AMS symbols B
) (./rmd_final.toc
LaTeX Font Info:    External font `lmex10' loaded for size
(Font)              <12> on input line 3.
LaTeX Font Info:    External font `lmex10' loaded for size
(Font)              <8> on input line 3.
LaTeX Font Info:    External font `lmex10' loaded for size
(Font)              <6> on input line 3.


[1

{c:/ProgramData/TinyTeX/texmf-var/fonts/map/pdftex/updmap/pdftex.map}{c:/ProgramData/TinyTeX/texmf-dist/fonts/enc/dvips/lm/lm-ec.enc}])
\tf@toc=\write4
\openout4 = `rmd_final.toc'.




Package fancyhdr Warning: \headheight is too small (12.0pt): 
(fancyhdr)                Make it at least 13.59999pt, for example:
(fancyhdr)                \setlength{\headheight}{13.59999pt}.
(fancyhdr)                You might also make \topmargin smaller:
(fancyhdr)                \addtolength{\topmargin}{-1.59999pt}.

[2]


Package fancyhdr Warning: \headheight is too small (12.0pt): 
(fancyhdr)                Make it at least 13.59999pt, for example:
(fancyhdr)                \setlength{\headheight}{13.59999pt}.
(fancyhdr)                You might also make \topmargin smaller:
(fancyhdr)                \addtolength{\topmargin}{-1.59999pt}.

[3]


Package fancyhdr Warning: \headheight is too small (12.0pt): 
(fancyhdr)                Make it at least 13.59999pt, for example:
(fancyhdr)                \setlength{\headheight}{13.59999pt}.
(fancyhdr)                You might also make \topmargin smaller:
(fancyhdr)                \addtolength{\topmargin}{-1.59999pt}.

[4]


Package fancyhdr Warning: \headheight is too small (12.0pt): 
(fancyhdr)                Make it at least 13.59999pt, for example:
(fancyhdr)                \setlength{\headheight}{13.59999pt}.
(fancyhdr)                You might also make \topmargin smaller:
(fancyhdr)                \addtolength{\topmargin}{-1.59999pt}.

[5]


Package fancyhdr Warning: \headheight is too small (12.0pt): 
(fancyhdr)                Make it at least 13.59999pt, for example:
(fancyhdr)                \setlength{\headheight}{13.59999pt}.
(fancyhdr)                You might also make \topmargin smaller:
(fancyhdr)                \addtolength{\topmargin}{-1.59999pt}.

[6]
LaTeX Font Info:    Trying to load font information for TS1+lmr on input line 343.
(c:/ProgramData/TinyTeX/texmf-dist/tex/latex/lm/ts1lmr.fd
File: ts1lmr.fd 2015/05/01 v1.6.1 Font defs for Latin Modern
)


Package fancyhdr Warning: \headheight is too small (12.0pt): 
(fancyhdr)                Make it at least 13.59999pt, for example:
(fancyhdr)                \setlength{\headheight}{13.59999pt}.
(fancyhdr)                You might also make \topmargin smaller:
(fancyhdr)                \addtolength{\topmargin}{-1.59999pt}.

[7{c:/ProgramData/TinyTeX/texmf-dist/fonts/enc/dvips/lm/lm-ts1.enc}]
<rmd_final_files/figure-latex/unnamed-chunk-1-1.pdf, id=85, 459.7175pt x 313.17pt>
File: rmd_final_files/figure-latex/unnamed-chunk-1-1.pdf Graphic file (type pdf)
<use rmd_final_files/figure-latex/unnamed-chunk-1-1.pdf>
Package pdftex.def Info: rmd_final_files/figure-latex/unnamed-chunk-1-1.pdf  used on input line 401.
(pdftex.def)             Requested size: 418.27342pt x 284.93735pt.



Package fancyhdr Warning: \headheight is too small (12.0pt): 
(fancyhdr)                Make it at least 13.59999pt, for example:
(fancyhdr)                \setlength{\headheight}{13.59999pt}.
(fancyhdr)                You might also make \topmargin smaller:
(fancyhdr)                \addtolength{\topmargin}{-1.59999pt}.

[8 <./rmd_final_files/figure-latex/unnamed-chunk-1-1.pdf>]
<rmd_final_files/figure-latex/unnamed-chunk-2-1.pdf, id=98, 459.7175pt x 316.18124pt>
File: rmd_final_files/figure-latex/unnamed-chunk-2-1.pdf Graphic file (type pdf)
<use rmd_final_files/figure-latex/unnamed-chunk-2-1.pdf>
Package pdftex.def Info: rmd_final_files/figure-latex/unnamed-chunk-2-1.pdf  used on input line 412.
(pdftex.def)             Requested size: 418.27342pt x 287.67712pt.
<rmd_final_files/figure-latex/unnamed-chunk-3-1.pdf, id=99, 459.7175pt x 316.18124pt>
File: rmd_final_files/figure-latex/unnamed-chunk-3-1.pdf Graphic file (type pdf)
<use rmd_final_files/figure-latex/unnamed-chunk-3-1.pdf>
Package pdftex.def Info: rmd_final_files/figure-latex/unnamed-chunk-3-1.pdf  used on input line 423.
(pdftex.def)             Requested size: 418.27342pt x 287.67712pt.



Package fancyhdr Warning: \headheight is too small (12.0pt): 
(fancyhdr)                Make it at least 13.59999pt, for example:
(fancyhdr)                \setlength{\headheight}{13.59999pt}.
(fancyhdr)                You might also make \topmargin smaller:
(fancyhdr)                \addtolength{\topmargin}{-1.59999pt}.

[9 <./rmd_final_files/figure-latex/unnamed-chunk-2-1.pdf>]
<rmd_final_files/figure-latex/unnamed-chunk-4-1.pdf, id=112, 459.7175pt x 313.17pt>
File: rmd_final_files/figure-latex/unnamed-chunk-4-1.pdf Graphic file (type pdf)
<use rmd_final_files/figure-latex/unnamed-chunk-4-1.pdf>
Package pdftex.def Info: rmd_final_files/figure-latex/unnamed-chunk-4-1.pdf  used on input line 434.
(pdftex.def)             Requested size: 418.27342pt x 284.93735pt.



Package fancyhdr Warning: \headheight is too small (12.0pt): 
(fancyhdr)                Make it at least 13.59999pt, for example:
(fancyhdr)                \setlength{\headheight}{13.59999pt}.
(fancyhdr)                You might also make \topmargin smaller:
(fancyhdr)                \addtolength{\topmargin}{-1.59999pt}.

[10 <./rmd_final_files/figure-latex/unnamed-chunk-3-1.pdf>]
<rmd_final_files/figure-latex/unnamed-chunk-5-1.pdf, id=125, 459.7175pt x 315.1775pt>
File: rmd_final_files/figure-latex/unnamed-chunk-5-1.pdf Graphic file (type pdf)
<use rmd_final_files/figure-latex/unnamed-chunk-5-1.pdf>
Package pdftex.def Info: rmd_final_files/figure-latex/unnamed-chunk-5-1.pdf  used on input line 444.
(pdftex.def)             Requested size: 418.27342pt x 286.76387pt.



Package fancyhdr Warning: \headheight is too small (12.0pt): 
(fancyhdr)                Make it at least 13.59999pt, for example:
(fancyhdr)                \setlength{\headheight}{13.59999pt}.
(fancyhdr)                You might also make \topmargin smaller:
(fancyhdr)                \addtolength{\topmargin}{-1.59999pt}.

[11 <./rmd_final_files/figure-latex/unnamed-chunk-4-1.pdf>]
<rmd_final_files/figure-latex/unnamed-chunk-6-1.pdf, id=138, 459.7175pt x 316.18124pt>
File: rmd_final_files/figure-latex/unnamed-chunk-6-1.pdf Graphic file (type pdf)
<use rmd_final_files/figure-latex/unnamed-chunk-6-1.pdf>
Package pdftex.def Info: rmd_final_files/figure-latex/unnamed-chunk-6-1.pdf  used on input line 455.
(pdftex.def)             Requested size: 418.27342pt x 287.67712pt.



Package fancyhdr Warning: \headheight is too small (12.0pt): 
(fancyhdr)                Make it at least 13.59999pt, for example:
(fancyhdr)                \setlength{\headheight}{13.59999pt}.
(fancyhdr)                You might also make \topmargin smaller:
(fancyhdr)                \addtolength{\topmargin}{-1.59999pt}.

[12 <./rmd_final_files/figure-latex/unnamed-chunk-5-1.pdf>]
<rmd_final_files/figure-latex/unnamed-chunk-7-1.pdf, id=151, 459.7175pt x 316.18124pt>
File: rmd_final_files/figure-latex/unnamed-chunk-7-1.pdf Graphic file (type pdf)
<use rmd_final_files/figure-latex/unnamed-chunk-7-1.pdf>
Package pdftex.def Info: rmd_final_files/figure-latex/unnamed-chunk-7-1.pdf  used on input line 465.
(pdftex.def)             Requested size: 418.27342pt x 287.67712pt.



Package fancyhdr Warning: \headheight is too small (12.0pt): 
(fancyhdr)                Make it at least 13.59999pt, for example:
(fancyhdr)                \setlength{\headheight}{13.59999pt}.
(fancyhdr)                You might also make \topmargin smaller:
(fancyhdr)                \addtolength{\topmargin}{-1.59999pt}.

[13 <./rmd_final_files/figure-latex/unnamed-chunk-6-1.pdf>]
<rmd_final_files/figure-latex/unnamed-chunk-8-1.pdf, id=166, 459.7175pt x 316.18124pt>
File: rmd_final_files/figure-latex/unnamed-chunk-8-1.pdf Graphic file (type pdf)
<use rmd_final_files/figure-latex/unnamed-chunk-8-1.pdf>
Package pdftex.def Info: rmd_final_files/figure-latex/unnamed-chunk-8-1.pdf  used on input line 475.
(pdftex.def)             Requested size: 418.27342pt x 287.67712pt.



Package fancyhdr Warning: \headheight is too small (12.0pt): 
(fancyhdr)                Make it at least 13.59999pt, for example:
(fancyhdr)                \setlength{\headheight}{13.59999pt}.
(fancyhdr)                You might also make \topmargin smaller:
(fancyhdr)                \addtolength{\topmargin}{-1.59999pt}.

[14 <./rmd_final_files/figure-latex/unnamed-chunk-7-1.pdf>]
<rmd_final_files/figure-latex/unnamed-chunk-9-1.pdf, id=179, 459.7175pt x 316.18124pt>
File: rmd_final_files/figure-latex/unnamed-chunk-9-1.pdf Graphic file (type pdf)
<use rmd_final_files/figure-latex/unnamed-chunk-9-1.pdf>
Package pdftex.def Info: rmd_final_files/figure-latex/unnamed-chunk-9-1.pdf  used on input line 486.
(pdftex.def)             Requested size: 418.27342pt x 287.67712pt.



Package fancyhdr Warning: \headheight is too small (12.0pt): 
(fancyhdr)                Make it at least 13.59999pt, for example:
(fancyhdr)                \setlength{\headheight}{13.59999pt}.
(fancyhdr)                You might also make \topmargin smaller:
(fancyhdr)                \addtolength{\topmargin}{-1.59999pt}.

[15 <./rmd_final_files/figure-latex/unnamed-chunk-8-1.pdf>]
<rmd_final_files/figure-latex/boxplots_outliers-1.pdf, id=192, 538.01pt x 373.395pt>
File: rmd_final_files/figure-latex/boxplots_outliers-1.pdf Graphic file (type pdf)
<use rmd_final_files/figure-latex/boxplots_outliers-1.pdf>
Package pdftex.def Info: rmd_final_files/figure-latex/boxplots_outliers-1.pdf  used on input line 499.
(pdftex.def)             Requested size: 418.25873pt x 290.28404pt.



Package fancyhdr Warning: \headheight is too small (12.0pt): 
(fancyhdr)                Make it at least 13.59999pt, for example:
(fancyhdr)                \setlength{\headheight}{13.59999pt}.
(fancyhdr)                You might also make \topmargin smaller:
(fancyhdr)                \addtolength{\topmargin}{-1.59999pt}.

[16 <./rmd_final_files/figure-latex/unnamed-chunk-9-1.pdf>]
LaTeX Font Info:    Trying to load font information for T1+lmtt on input line 505.
(c:/ProgramData/TinyTeX/texmf-dist/tex/latex/lm/t1lmtt.fd
File: t1lmtt.fd 2015/05/01 v1.6.1 Font defs for Latin Modern
)
Overfull \hbox (44.87155pt too wide) in paragraph at lines 536--536
[]\T1/lmtt/m/n/12 ##                            cement blast_furnace      fly_ash       water[] 
 []


Overfull \hbox (44.85054pt too wide) in paragraph at lines 536--536
[]\T1/lmtt/m/n/12 ## cement                 1.00000000   -0.27519344 -0.397475440 -0.08154361[] 
 []


Overfull \hbox (44.83653pt too wide) in paragraph at lines 536--536
[]\T1/lmtt/m/n/12 ## blast_furnace         -0.27519344    1.00000000 -0.323569468  0.10728594[] 
 []


Overfull \hbox (44.85054pt too wide) in paragraph at lines 536--536
[]\T1/lmtt/m/n/12 ## fly_ash               -0.39747544   -0.32356947  1.000000000 -0.25704400[] 
 []


Overfull \hbox (44.84354pt too wide) in paragraph at lines 536--536
[]\T1/lmtt/m/n/12 ## water                 -0.08154361    0.10728594 -0.257043997  1.00000000[] 
 []


Overfull \hbox (44.83653pt too wide) in paragraph at lines 536--536
[]\T1/lmtt/m/n/12 ## super_plast            0.09277137    0.04337574  0.377339559 -0.65746444[] 
 []


Overfull \hbox (44.81552pt too wide) in paragraph at lines 536--536
[]\T1/lmtt/m/n/12 ## coarse                -0.10935604   -0.28399823 -0.009976788 -0.18231167[] 
 []


Overfull \hbox (44.82953pt too wide) in paragraph at lines 536--536
[]\T1/lmtt/m/n/12 ## fine_aggr             -0.22272017   -0.28159326  0.079076351 -0.45063498[] 
 []


Overfull \hbox (44.84354pt too wide) in paragraph at lines 536--536
[]\T1/lmtt/m/n/12 ## age                    0.08194726   -0.04424580 -0.154370165  0.27760443[] 
 []


Overfull \hbox (44.85054pt too wide) in paragraph at lines 536--536
[]\T1/lmtt/m/n/12 ## y_concrete_compresive  0.49783272    0.13482445 -0.105753348 -0.28961348[] 
 []


Overfull \hbox (38.69655pt too wide) in paragraph at lines 536--536
[]\T1/lmtt/m/n/12 ##                       super_plast       coarse   fine_aggr          age[] 
 []


Overfull \hbox (38.65453pt too wide) in paragraph at lines 536--536
[]\T1/lmtt/m/n/12 ## cement                 0.09277137 -0.109356039 -0.22272017  0.081947264[] 
 []


Overfull \hbox (38.66853pt too wide) in paragraph at lines 536--536
[]\T1/lmtt/m/n/12 ## blast_furnace          0.04337574 -0.283998230 -0.28159326 -0.044245801[] 
 []


Overfull \hbox (38.64052pt too wide) in paragraph at lines 536--536
[]\T1/lmtt/m/n/12 ## fly_ash                0.37733956 -0.009976788  0.07907635 -0.154370165[] 
 []




Package fancyhdr Warning: \headheight is too small (12.0pt): 
(fancyhdr)                Make it at least 13.59999pt, for example:
(fancyhdr)                \setlength{\headheight}{13.59999pt}.
(fancyhdr)                You might also make \topmargin smaller:
(fancyhdr)                \addtolength{\topmargin}{-1.59999pt}.

[17 <./rmd_final_files/figure-latex/boxplots_outliers-1.pdf>]
Overfull \hbox (38.64052pt too wide) in paragraph at lines 536--536
[]\T1/lmtt/m/n/12 ## water                 -0.65746444 -0.182311668 -0.45063498  0.277604429[] 
 []


Overfull \hbox (38.66153pt too wide) in paragraph at lines 536--536
[]\T1/lmtt/m/n/12 ## super_plast            1.00000000 -0.266302755  0.22250149 -0.192716518[] 
 []


Overfull \hbox (38.67554pt too wide) in paragraph at lines 536--536
[]\T1/lmtt/m/n/12 ## coarse                -0.26630276  1.000000000 -0.17850575 -0.003015507[] 
 []


Overfull \hbox (38.66853pt too wide) in paragraph at lines 536--536
[]\T1/lmtt/m/n/12 ## fine_aggr              0.22250149 -0.178505755  1.00000000 -0.156094049[] 
 []


Overfull \hbox (38.66853pt too wide) in paragraph at lines 536--536
[]\T1/lmtt/m/n/12 ## age                   -0.19271652 -0.003015507 -0.15609405  1.000000000[] 
 []


Overfull \hbox (38.62651pt too wide) in paragraph at lines 536--536
[]\T1/lmtt/m/n/12 ## y_concrete_compresive  0.36610230 -0.164927821 -0.16724896  0.328876976[] 
 []

<rmd_final_files/figure-latex/corr_y-1.pdf, id=220, 273.02pt x 169.63374pt>
File: rmd_final_files/figure-latex/corr_y-1.pdf Graphic file (type pdf)
<use rmd_final_files/figure-latex/corr_y-1.pdf>
Package pdftex.def Info: rmd_final_files/figure-latex/corr_y-1.pdf  used on input line 538.
(pdftex.def)             Requested size: 273.03183pt x 169.64107pt.
<rmd_final_files/figure-latex/unnamed-chunk-10-1.pdf, id=221, 206.7725pt x 124.465pt>
File: rmd_final_files/figure-latex/unnamed-chunk-10-1.pdf Graphic file (type pdf)
<use rmd_final_files/figure-latex/unnamed-chunk-10-1.pdf>
Package pdftex.def Info: rmd_final_files/figure-latex/unnamed-chunk-10-1.pdf  used on input line 551.
(pdftex.def)             Requested size: 206.77513pt x 124.46658pt.



Package fancyhdr Warning: \headheight is too small (12.0pt): 
(fancyhdr)                Make it at least 13.59999pt, for example:
(fancyhdr)                \setlength{\headheight}{13.59999pt}.
(fancyhdr)                You might also make \topmargin smaller:
(fancyhdr)                \addtolength{\topmargin}{-1.59999pt}.

[18 <./rmd_final_files/figure-latex/corr_y-1.pdf>]
<rmd_final_files/figure-latex/unnamed-chunk-11-1.pdf, id=234, 202.7575pt x 123.46124pt>
File: rmd_final_files/figure-latex/unnamed-chunk-11-1.pdf Graphic file (type pdf)
<use rmd_final_files/figure-latex/unnamed-chunk-11-1.pdf>
Package pdftex.def Info: rmd_final_files/figure-latex/unnamed-chunk-11-1.pdf  used on input line 574.
(pdftex.def)             Requested size: 202.76318pt x 123.46468pt.



Package fancyhdr Warning: \headheight is too small (12.0pt): 
(fancyhdr)                Make it at least 13.59999pt, for example:
(fancyhdr)                \setlength{\headheight}{13.59999pt}.
(fancyhdr)                You might also make \topmargin smaller:
(fancyhdr)                \addtolength{\topmargin}{-1.59999pt}.

[19{c:/ProgramData/TinyTeX/texmf-dist/fonts/enc/dvips/lm/lm-mathit.enc} <./rmd_final_files/figure-latex/unnamed-chunk-10-1.pdf> <./rmd_final_files/figure-latex/unnamed-chunk-11-1.pdf>]
<rmd_final_files/figure-latex/unnamed-chunk-12-1.pdf, id=259, 202.7575pt x 124.465pt>
File: rmd_final_files/figure-latex/unnamed-chunk-12-1.pdf Graphic file (type pdf)
<use rmd_final_files/figure-latex/unnamed-chunk-12-1.pdf>
Package pdftex.def Info: rmd_final_files/figure-latex/unnamed-chunk-12-1.pdf  used on input line 602.
(pdftex.def)             Requested size: 202.76009pt x 124.46658pt.



Package fancyhdr Warning: \headheight is too small (12.0pt): 
(fancyhdr)                Make it at least 13.59999pt, for example:
(fancyhdr)                \setlength{\headheight}{13.59999pt}.
(fancyhdr)                You might also make \topmargin smaller:
(fancyhdr)                \addtolength{\topmargin}{-1.59999pt}.

[20 <./rmd_final_files/figure-latex/unnamed-chunk-12-1.pdf>]
<rmd_final_files/figure-latex/unnamed-chunk-14-1.pdf, id=273, 216.81pt x 126.4725pt>
File: rmd_final_files/figure-latex/unnamed-chunk-14-1.pdf Graphic file (type pdf)
<use rmd_final_files/figure-latex/unnamed-chunk-14-1.pdf>
Package pdftex.def Info: rmd_final_files/figure-latex/unnamed-chunk-14-1.pdf  used on input line 635.
(pdftex.def)             Requested size: 216.81276pt x 126.4741pt.
<rmd_final_files/figure-latex/unnamed-chunk-16-1.pdf, id=274, 216.81pt x 126.4725pt>
File: rmd_final_files/figure-latex/unnamed-chunk-16-1.pdf Graphic file (type pdf)
<use rmd_final_files/figure-latex/unnamed-chunk-16-1.pdf>
Package pdftex.def Info: rmd_final_files/figure-latex/unnamed-chunk-16-1.pdf  used on input line 657.
(pdftex.def)             Requested size: 216.81276pt x 126.4741pt.



Package fancyhdr Warning: \headheight is too small (12.0pt): 
(fancyhdr)                Make it at least 13.59999pt, for example:
(fancyhdr)                \setlength{\headheight}{13.59999pt}.
(fancyhdr)                You might also make \topmargin smaller:
(fancyhdr)                \addtolength{\topmargin}{-1.59999pt}.

[21 <./rmd_final_files/figure-latex/unnamed-chunk-14-1.pdf>]
<rmd_final_files/figure-latex/unnamed-chunk-18-1.pdf, id=288, 202.7575pt x 126.4725pt>
File: rmd_final_files/figure-latex/unnamed-chunk-18-1.pdf Graphic file (type pdf)
<use rmd_final_files/figure-latex/unnamed-chunk-18-1.pdf>
Package pdftex.def Info: rmd_final_files/figure-latex/unnamed-chunk-18-1.pdf  used on input line 677.
(pdftex.def)             Requested size: 202.76009pt x 126.4741pt.



Package fancyhdr Warning: \headheight is too small (12.0pt): 
(fancyhdr)                Make it at least 13.59999pt, for example:
(fancyhdr)                \setlength{\headheight}{13.59999pt}.
(fancyhdr)                You might also make \topmargin smaller:
(fancyhdr)                \addtolength{\topmargin}{-1.59999pt}.

[22 <./rmd_final_files/figure-latex/unnamed-chunk-16-1.pdf> <./rmd_final_files/figure-latex/unnamed-chunk-18-1.pdf>]
<rmd_final_files/figure-latex/unnamed-chunk-20-1.pdf, id=312, 216.81pt x 126.4725pt>
File: rmd_final_files/figure-latex/unnamed-chunk-20-1.pdf Graphic file (type pdf)
<use rmd_final_files/figure-latex/unnamed-chunk-20-1.pdf>
Package pdftex.def Info: rmd_final_files/figure-latex/unnamed-chunk-20-1.pdf  used on input line 705.
(pdftex.def)             Requested size: 216.81276pt x 126.4741pt.



Package fancyhdr Warning: \headheight is too small (12.0pt): 
(fancyhdr)                Make it at least 13.59999pt, for example:
(fancyhdr)                \setlength{\headheight}{13.59999pt}.
(fancyhdr)                You might also make \topmargin smaller:
(fancyhdr)                \addtolength{\topmargin}{-1.59999pt}.

[23 <./rmd_final_files/figure-latex/unnamed-chunk-20-1.pdf>]
<rmd_final_files/figure-latex/unnamed-chunk-22-1.pdf, id=326, 216.81pt x 126.4725pt>
File: rmd_final_files/figure-latex/unnamed-chunk-22-1.pdf Graphic file (type pdf)
<use rmd_final_files/figure-latex/unnamed-chunk-22-1.pdf>
Package pdftex.def Info: rmd_final_files/figure-latex/unnamed-chunk-22-1.pdf  used on input line 731.
(pdftex.def)             Requested size: 216.81276pt x 126.4741pt.
<rmd_final_files/figure-latex/unnamed-chunk-24-1.pdf, id=327, 216.81pt x 126.4725pt>
File: rmd_final_files/figure-latex/unnamed-chunk-24-1.pdf Graphic file (type pdf)
<use rmd_final_files/figure-latex/unnamed-chunk-24-1.pdf>
Package pdftex.def Info: rmd_final_files/figure-latex/unnamed-chunk-24-1.pdf  used on input line 753.
(pdftex.def)             Requested size: 216.81276pt x 126.4741pt.



Package fancyhdr Warning: \headheight is too small (12.0pt): 
(fancyhdr)                Make it at least 13.59999pt, for example:
(fancyhdr)                \setlength{\headheight}{13.59999pt}.
(fancyhdr)                You might also make \topmargin smaller:
(fancyhdr)                \addtolength{\topmargin}{-1.59999pt}.

[24 <./rmd_final_files/figure-latex/unnamed-chunk-22-1.pdf>]
LaTeX Font Info:    Font shape `T1/lmtt/bx/n' in size <12> not available
(Font)              Font shape `T1/lmtt/b/n' tried instead on input line 759.



Package fancyhdr Warning: \headheight is too small (12.0pt): 
(fancyhdr)                Make it at least 13.59999pt, for example:
(fancyhdr)                \setlength{\headheight}{13.59999pt}.
(fancyhdr)                You might also make \topmargin smaller:
(fancyhdr)                \addtolength{\topmargin}{-1.59999pt}.

[25 <./rmd_final_files/figure-latex/unnamed-chunk-24-1.pdf>]
LaTeX Font Info:    Trying to load font information for TS1+lmtt on input line 806.
(c:/ProgramData/TinyTeX/texmf-dist/tex/latex/lm/ts1lmtt.fd
File: ts1lmtt.fd 2015/05/01 v1.6.1 Font defs for Latin Modern
)
Underfull \hbox (badness 10000) in paragraph at lines 846--849

 []


LaTeX Warning: Hyper reference `duxe9tection-des-valeurs-aberrantes-boxplots' on page 26 undefined on input line 859.




Package fancyhdr Warning: \headheight is too small (12.0pt): 
(fancyhdr)                Make it at least 13.59999pt, for example:
(fancyhdr)                \setlength{\headheight}{13.59999pt}.
(fancyhdr)                You might also make \topmargin smaller:
(fancyhdr)                \addtolength{\topmargin}{-1.59999pt}.

[26]


Package fancyhdr Warning: \headheight is too small (12.0pt): 
(fancyhdr)                Make it at least 13.59999pt, for example:
(fancyhdr)                \setlength{\headheight}{13.59999pt}.
(fancyhdr)                You might also make \topmargin smaller:
(fancyhdr)                \addtolength{\topmargin}{-1.59999pt}.

[27]
Underfull \hbox (badness 2582) in paragraph at lines 966--970
\T1/lmr/m/n/12 une anal-yse en com-posantes prin-ci-pales (ACP). La vari-able à ex-pli-quer
 []




Package fancyhdr Warning: \headheight is too small (12.0pt): 
(fancyhdr)                Make it at least 13.59999pt, for example:
(fancyhdr)                \setlength{\headheight}{13.59999pt}.
(fancyhdr)                You might also make \topmargin smaller:
(fancyhdr)                \addtolength{\topmargin}{-1.59999pt}.

[28]
<rmd_final_files/figure-latex/unnamed-chunk-30-1.pdf, id=374, 250.9375pt x 143.53625pt>
File: rmd_final_files/figure-latex/unnamed-chunk-30-1.pdf Graphic file (type pdf)
<use rmd_final_files/figure-latex/unnamed-chunk-30-1.pdf>
Package pdftex.def Info: rmd_final_files/figure-latex/unnamed-chunk-30-1.pdf  used on input line 974.
(pdftex.def)             Requested size: 250.94452pt x 143.54027pt.

Underfull \hbox (badness 6927) in paragraph at lines 984--987
[]\T1/lmr/m/n/12 Le deux-ième axe con-serve égale-ment une pro-por-tion sig-ni-fica-tive
 []

<rmd_final_files/figure-latex/unnamed-chunk-31-1.pdf, id=375, 275.0275pt x 263.98625pt>
File: rmd_final_files/figure-latex/unnamed-chunk-31-1.pdf Graphic file (type pdf)
<use rmd_final_files/figure-latex/unnamed-chunk-31-1.pdf>
Package pdftex.def Info: rmd_final_files/figure-latex/unnamed-chunk-31-1.pdf  used on input line 998.
(pdftex.def)             Requested size: 275.04361pt x 264.0017pt.



Package fancyhdr Warning: \headheight is too small (12.0pt): 
(fancyhdr)                Make it at least 13.59999pt, for example:
(fancyhdr)                \setlength{\headheight}{13.59999pt}.
(fancyhdr)                You might also make \topmargin smaller:
(fancyhdr)                \addtolength{\topmargin}{-1.59999pt}.

[29 <./rmd_final_files/figure-latex/unnamed-chunk-30-1.pdf>]


Package fancyhdr Warning: \headheight is too small (12.0pt): 
(fancyhdr)                Make it at least 13.59999pt, for example:
(fancyhdr)                \setlength{\headheight}{13.59999pt}.
(fancyhdr)                You might also make \topmargin smaller:
(fancyhdr)                \addtolength{\topmargin}{-1.59999pt}.

[30 <./rmd_final_files/figure-latex/unnamed-chunk-31-1.pdf>]
Overfull \hbox (69.57156pt too wide) in paragraph at lines 1095--1095
[]\T1/lmtt/m/n/12 ##                            Dim.1      Dim.2      Dim.3      Dim.4      Dim.5[] 
 []


Overfull \hbox (69.52954pt too wide) in paragraph at lines 1095--1095
[]\T1/lmtt/m/n/12 ## cement                 1.8570924 21.8162521 19.4630539 17.0024498  0.3034758[] 
 []


Overfull \hbox (69.52254pt too wide) in paragraph at lines 1095--1095
[]\T1/lmtt/m/n/12 ## blast_furnace          1.3854568 10.6144114 38.1264598  0.8844007  4.7645646[] 
 []


Overfull \hbox (69.53654pt too wide) in paragraph at lines 1095--1095
[]\T1/lmtt/m/n/12 ## fly_ash                7.2754889 20.3973975  1.3084478  9.8815857  4.0570219[] 
 []




Package fancyhdr Warning: \headheight is too small (12.0pt): 
(fancyhdr)                Make it at least 13.59999pt, for example:
(fancyhdr)                \setlength{\headheight}{13.59999pt}.
(fancyhdr)                You might also make \topmargin smaller:
(fancyhdr)                \addtolength{\topmargin}{-1.59999pt}.

[31]
Overfull \hbox (69.54355pt too wide) in paragraph at lines 1095--1095
[]\T1/lmtt/m/n/12 ## water                 28.2000179  2.1202816  1.4847945  2.0723167  4.4435413[] 
 []


Overfull \hbox (69.50153pt too wide) in paragraph at lines 1095--1095
[]\T1/lmtt/m/n/12 ## super_plast           30.7756668  0.2472336  6.2022982  0.9015953  8.4701606[] 
 []


Overfull \hbox (69.48752pt too wide) in paragraph at lines 1095--1095
[]\T1/lmtt/m/n/12 ## coarse                 0.8939835  3.4632950 32.5054492 12.5162699 10.6005496[] 
 []


Overfull \hbox (69.52954pt too wide) in paragraph at lines 1095--1095
[]\T1/lmtt/m/n/12 ## fine_aggr              4.8648268 13.0123250  0.2499000 13.1394718 39.0454823[] 
 []


Overfull \hbox (69.54355pt too wide) in paragraph at lines 1095--1095
[]\T1/lmtt/m/n/12 ## age                    5.5749786  4.1403732  0.4309223 40.7207759 28.1887145[] 
 []


Overfull \hbox (69.53654pt too wide) in paragraph at lines 1095--1095
[]\T1/lmtt/m/n/12 ## y_concrete_compresive 19.1724883 24.1884306  0.2286743  2.8811343  0.1264894[] 
 []


Overfull \hbox (88.09657pt too wide) in paragraph at lines 1120--1120
[]\T1/lmtt/m/n/12 ##                            Dim.1       Dim.2       Dim.3      Dim.4       Dim.5[] 
 []


Overfull \hbox (88.04755pt too wide) in paragraph at lines 1120--1120
[]\T1/lmtt/m/n/12 ## cement                0.04181872 0.405352873 0.271676732 0.19539670 0.003132659[] 
 []


Overfull \hbox (88.02654pt too wide) in paragraph at lines 1120--1120
[]\T1/lmtt/m/n/12 ## blast_furnace         0.03119825 0.197219125 0.532191509 0.01016377 0.049182696[] 
 []


Overfull \hbox (88.05455pt too wide) in paragraph at lines 1120--1120
[]\T1/lmtt/m/n/12 ## fly_ash               0.16383224 0.378990105 0.018264082 0.11356182 0.041879015[] 
 []


Overfull \hbox (88.04755pt too wide) in paragraph at lines 1120--1120
[]\T1/lmtt/m/n/12 ## water                 0.63501880 0.039395503 0.020725633 0.02381562 0.045868900[] 
 []


Overfull \hbox (88.04755pt too wide) in paragraph at lines 1120--1120
[]\T1/lmtt/m/n/12 ## super_plast           0.69301824 0.004593679 0.086575320 0.01036137 0.087434082[] 
 []


Overfull \hbox (88.06155pt too wide) in paragraph at lines 1120--1120
[]\T1/lmtt/m/n/12 ## coarse                0.02013106 0.064349119 0.453730143 0.14384032 0.109425235[] 
 []


Overfull \hbox (88.08257pt too wide) in paragraph at lines 1120--1120
[]\T1/lmtt/m/n/12 ## fine_aggr             0.10954803 0.241773118 0.003488251 0.15100232 0.403050903[] 
 []


Overfull \hbox (88.01953pt too wide) in paragraph at lines 1120--1120
[]\T1/lmtt/m/n/12 ## age                   0.12553950 0.076929445 0.006015067 0.46797404 0.290980829[] 
 []


Overfull \hbox (88.05455pt too wide) in paragraph at lines 1120--1120
[]\T1/lmtt/m/n/12 ## y_concrete_compresive 0.43173343 0.449428700 0.003191970 0.03311077 0.001305699[] 
 []




Package fancyhdr Warning: \headheight is too small (12.0pt): 
(fancyhdr)                Make it at least 13.59999pt, for example:
(fancyhdr)                \setlength{\headheight}{13.59999pt}.
(fancyhdr)                You might also make \topmargin smaller:
(fancyhdr)                \addtolength{\topmargin}{-1.59999pt}.

[32{c:/ProgramData/TinyTeX/texmf-dist/fonts/enc/dvips/lm/lm-rm.enc}]
<rmd_final_files/figure-latex/unnamed-chunk-34-1.pdf, id=414, 311.1625pt x 300.12125pt>
File: rmd_final_files/figure-latex/unnamed-chunk-34-1.pdf Graphic file (type pdf)
<use rmd_final_files/figure-latex/unnamed-chunk-34-1.pdf>
Package pdftex.def Info: rmd_final_files/figure-latex/unnamed-chunk-34-1.pdf  used on input line 1140.
(pdftex.def)             Requested size: 311.16649pt x 300.12509pt.

Underfull \hbox (badness 1509) in paragraph at lines 1156--1162
\T1/lmr/m/n/12 et \T1/lmtt/m/n/12 y_concrete_compresive\T1/lmr/m/n/12 , sug-gérant que les for-mu-la-tions con-tenant une
 []




Package fancyhdr Warning: \headheight is too small (12.0pt): 
(fancyhdr)                Make it at least 13.59999pt, for example:
(fancyhdr)                \setlength{\headheight}{13.59999pt}.
(fancyhdr)                You might also make \topmargin smaller:
(fancyhdr)                \addtolength{\topmargin}{-1.59999pt}.

[33 <./rmd_final_files/figure-latex/unnamed-chunk-34-1.pdf>]
<rmd_final_files/figure-latex/unnamed-chunk-35-1.pdf, id=427, 311.1625pt x 300.12125pt>
File: rmd_final_files/figure-latex/unnamed-chunk-35-1.pdf Graphic file (type pdf)
<use rmd_final_files/figure-latex/unnamed-chunk-35-1.pdf>
Package pdftex.def Info: rmd_final_files/figure-latex/unnamed-chunk-35-1.pdf  used on input line 1190.
(pdftex.def)             Requested size: 311.16649pt x 300.12509pt.



Package fancyhdr Warning: \headheight is too small (12.0pt): 
(fancyhdr)                Make it at least 13.59999pt, for example:
(fancyhdr)                \setlength{\headheight}{13.59999pt}.
(fancyhdr)                You might also make \topmargin smaller:
(fancyhdr)                \addtolength{\topmargin}{-1.59999pt}.

[34 <./rmd_final_files/figure-latex/unnamed-chunk-35-1.pdf>]


Package fancyhdr Warning: \headheight is too small (12.0pt): 
(fancyhdr)                Make it at least 13.59999pt, for example:
(fancyhdr)                \setlength{\headheight}{13.59999pt}.
(fancyhdr)                You might also make \topmargin smaller:
(fancyhdr)                \addtolength{\topmargin}{-1.59999pt}.

[35]
Underfull \hbox (badness 2538) in paragraph at lines 1306--1310
[]\T1/lmr/bx/n/12 Les vari-ables qui sont sig-ni-fica-tives (p < 0.05) \T1/lmr/m/n/12 : \T1/lmtt/m/n/12 cement\T1/lmr/m/n/12 ,
 []




Package fancyhdr Warning: \headheight is too small (12.0pt): 
(fancyhdr)                Make it at least 13.59999pt, for example:
(fancyhdr)                \setlength{\headheight}{13.59999pt}.
(fancyhdr)                You might also make \topmargin smaller:
(fancyhdr)                \addtolength{\topmargin}{-1.59999pt}.

[36]


Package fancyhdr Warning: \headheight is too small (12.0pt): 
(fancyhdr)                Make it at least 13.59999pt, for example:
(fancyhdr)                \setlength{\headheight}{13.59999pt}.
(fancyhdr)                You might also make \topmargin smaller:
(fancyhdr)                \addtolength{\topmargin}{-1.59999pt}.

[37]
Underfull \hbox (badness 10000) in paragraph at lines 1392--1394

 []


Underfull \hbox (badness 10000) in paragraph at lines 1394--1396

 []

<rmd_final_files/figure-latex/unnamed-chunk-38-1.pdf, id=459, 440.64626pt x 290.08376pt>
File: rmd_final_files/figure-latex/unnamed-chunk-38-1.pdf Graphic file (type pdf)
<use rmd_final_files/figure-latex/unnamed-chunk-38-1.pdf>
Package pdftex.def Info: rmd_final_files/figure-latex/unnamed-chunk-38-1.pdf  used on input line 1404.
(pdftex.def)             Requested size: 418.26865pt x 275.35225pt.



Package fancyhdr Warning: \headheight is too small (12.0pt): 
(fancyhdr)                Make it at least 13.59999pt, for example:
(fancyhdr)                \setlength{\headheight}{13.59999pt}.
(fancyhdr)                You might also make \topmargin smaller:
(fancyhdr)                \addtolength{\topmargin}{-1.59999pt}.

[38 <./rmd_final_files/figure-latex/unnamed-chunk-38-1.pdf>]
Underfull \hbox (badness 10000) in paragraph at lines 1433--1435

 []


Underfull \hbox (badness 10000) in paragraph at lines 1435--1437

 []


Underfull \hbox (badness 10000) in paragraph at lines 1467--1469

 []




Package fancyhdr Warning: \headheight is too small (12.0pt): 
(fancyhdr)                Make it at least 13.59999pt, for example:
(fancyhdr)                \setlength{\headheight}{13.59999pt}.
(fancyhdr)                You might also make \topmargin smaller:
(fancyhdr)                \addtolength{\topmargin}{-1.59999pt}.

[39]
<rmd_final_files/figure-latex/unnamed-chunk-42-1.pdf, id=479, 436.63126pt x 282.05376pt>
File: rmd_final_files/figure-latex/unnamed-chunk-42-1.pdf Graphic file (type pdf)
<use rmd_final_files/figure-latex/unnamed-chunk-42-1.pdf>
Package pdftex.def Info: rmd_final_files/figure-latex/unnamed-chunk-42-1.pdf  used on input line 1499.
(pdftex.def)             Requested size: 418.25514pt x 270.1832pt.
<rmd_final_files/figure-latex/unnamed-chunk-43-1.pdf, id=480, 440.64626pt x 282.05376pt>
File: rmd_final_files/figure-latex/unnamed-chunk-43-1.pdf Graphic file (type pdf)
<use rmd_final_files/figure-latex/unnamed-chunk-43-1.pdf>
Package pdftex.def Info: rmd_final_files/figure-latex/unnamed-chunk-43-1.pdf  used on input line 1513.
(pdftex.def)             Requested size: 418.26865pt x 267.73004pt.



Package fancyhdr Warning: \headheight is too small (12.0pt): 
(fancyhdr)                Make it at least 13.59999pt, for example:
(fancyhdr)                \setlength{\headheight}{13.59999pt}.
(fancyhdr)                You might also make \topmargin smaller:
(fancyhdr)                \addtolength{\topmargin}{-1.59999pt}.

[40 <./rmd_final_files/figure-latex/unnamed-chunk-42-1.pdf>]
<rmd_final_files/figure-latex/unnamed-chunk-44-1.pdf, id=493, 439.6425pt x 282.05376pt>
File: rmd_final_files/figure-latex/unnamed-chunk-44-1.pdf Graphic file (type pdf)
<use rmd_final_files/figure-latex/unnamed-chunk-44-1.pdf>
Package pdftex.def Info: rmd_final_files/figure-latex/unnamed-chunk-44-1.pdf  used on input line 1521.
(pdftex.def)             Requested size: 418.26846pt x 268.34117pt.



Package fancyhdr Warning: \headheight is too small (12.0pt): 
(fancyhdr)                Make it at least 13.59999pt, for example:
(fancyhdr)                \setlength{\headheight}{13.59999pt}.
(fancyhdr)                You might also make \topmargin smaller:
(fancyhdr)                \addtolength{\topmargin}{-1.59999pt}.

[41 <./rmd_final_files/figure-latex/unnamed-chunk-43-1.pdf>]
<rmd_final_files/figure-latex/unnamed-chunk-45-1.pdf, id=505, 439.6425pt x 282.05376pt>
File: rmd_final_files/figure-latex/unnamed-chunk-45-1.pdf Graphic file (type pdf)
<use rmd_final_files/figure-latex/unnamed-chunk-45-1.pdf>
Package pdftex.def Info: rmd_final_files/figure-latex/unnamed-chunk-45-1.pdf  used on input line 1532.
(pdftex.def)             Requested size: 418.26846pt x 268.34117pt.



Package fancyhdr Warning: \headheight is too small (12.0pt): 
(fancyhdr)                Make it at least 13.59999pt, for example:
(fancyhdr)                \setlength{\headheight}{13.59999pt}.
(fancyhdr)                You might also make \topmargin smaller:
(fancyhdr)                \addtolength{\topmargin}{-1.59999pt}.

[42 <./rmd_final_files/figure-latex/unnamed-chunk-44-1.pdf>]
<rmd_final_files/figure-latex/unnamed-chunk-46-1.pdf, id=517, 439.6425pt x 282.05376pt>
File: rmd_final_files/figure-latex/unnamed-chunk-46-1.pdf Graphic file (type pdf)
<use rmd_final_files/figure-latex/unnamed-chunk-46-1.pdf>
Package pdftex.def Info: rmd_final_files/figure-latex/unnamed-chunk-46-1.pdf  used on input line 1545.
(pdftex.def)             Requested size: 418.26846pt x 268.34117pt.



Package fancyhdr Warning: \headheight is too small (12.0pt): 
(fancyhdr)                Make it at least 13.59999pt, for example:
(fancyhdr)                \setlength{\headheight}{13.59999pt}.
(fancyhdr)                You might also make \topmargin smaller:
(fancyhdr)                \addtolength{\topmargin}{-1.59999pt}.

[43 <./rmd_final_files/figure-latex/unnamed-chunk-45-1.pdf>]
Overfull \hbox (27.06204pt too wide) in paragraph at lines 1568--1572
[]\T1/lmr/m/n/12 selon la deux-ième méth-ode qui est l'algorithme géné-tique, on a : y_concrete_compresive
 []




Package fancyhdr Warning: \headheight is too small (12.0pt): 
(fancyhdr)                Make it at least 13.59999pt, for example:
(fancyhdr)                \setlength{\headheight}{13.59999pt}.
(fancyhdr)                You might also make \topmargin smaller:
(fancyhdr)                \addtolength{\topmargin}{-1.59999pt}.

[44 <./rmd_final_files/figure-latex/unnamed-chunk-46-1.pdf>]
Overfull \hbox (124.45074pt too wide) in paragraph at lines 1584--1587
\T1/lmr/m/n/12 tive est le suiv-ant : y_concrete_compresive~1+cement+blast_furnace+fly_ash+water+super_plast+age. 
 []


Overfull \hbox (27.06204pt too wide) in paragraph at lines 1588--1592
[]\T1/lmr/m/n/12 selon la deux-ième méth-ode qui est l'algorithme géné-tique, on a : y_concrete_compresive
 []


Overfull \hbox (7.82153pt too wide) in paragraph at lines 1644--1644
[]\T1/lmtt/m/n/12 ## y_concrete_compresive ~ cement + blast_furnace + fly_ash + water +[] 
 []


Overfull \hbox (7.78651pt too wide) in paragraph at lines 1644--1644
[]\T1/lmtt/m/n/12 ## - super_plast    1      1058  65926 4079.4   15.5318 8.706e-05 ***[] 
 []


Overfull \hbox (7.7725pt too wide) in paragraph at lines 1644--1644
[]\T1/lmtt/m/n/12 ## - water          1      1986  66853 4092.8   29.1421 8.494e-08 ***[] 
 []


Overfull \hbox (7.7655pt too wide) in paragraph at lines 1644--1644
[]\T1/lmtt/m/n/12 ## - fly_ash        1      2032  66899 4093.5   29.8192 6.053e-08 ***[] 
 []


Overfull \hbox (7.77951pt too wide) in paragraph at lines 1644--1644
[]\T1/lmtt/m/n/12 ## - blast_furnace  1      6824  71691 4160.0  100.1476 < 2.2e-16 ***[] 
 []


Overfull \hbox (7.79352pt too wide) in paragraph at lines 1644--1644
[]\T1/lmtt/m/n/12 ## - cement         1     17190  82058 4289.8  252.2890 < 2.2e-16 ***[] 
 []


Overfull \hbox (7.78651pt too wide) in paragraph at lines 1644--1644
[]\T1/lmtt/m/n/12 ## - age            1     75088 139955 4802.8 1101.9937 < 2.2e-16 ***[] 
 []


Overfull \hbox (7.82153pt too wide) in paragraph at lines 1644--1644
[]\T1/lmtt/m/n/12 ## y_concrete_compresive ~ cement + blast_furnace + fly_ash + water +[] 
 []


Overfull \hbox (7.79352pt too wide) in paragraph at lines 1644--1644
[]\T1/lmtt/m/n/12 ## - super_plast    1      1082  65949 4077.8   15.8930 7.215e-05 ***[] 
 []


Overfull \hbox (7.80052pt too wide) in paragraph at lines 1644--1644
[]\T1/lmtt/m/n/12 ## - water          1      5245  70112 4136.6   77.0511 < 2.2e-16 ***[] 
 []


Overfull \hbox (7.80753pt too wide) in paragraph at lines 1644--1644
[]\T1/lmtt/m/n/12 ## - fly_ash        1      5304  70172 4137.4   77.9273 < 2.2e-16 ***[] 
 []


Overfull \hbox (7.77951pt too wide) in paragraph at lines 1644--1644
[]\T1/lmtt/m/n/12 ## - blast_furnace  1     26163  91030 4387.5  384.3664 < 2.2e-16 ***[] 
 []




Package fancyhdr Warning: \headheight is too small (12.0pt): 
(fancyhdr)                Make it at least 13.59999pt, for example:
(fancyhdr)                \setlength{\headheight}{13.59999pt}.
(fancyhdr)                You might also make \topmargin smaller:
(fancyhdr)                \addtolength{\topmargin}{-1.59999pt}.

[45]
Overfull \hbox (7.7725pt too wide) in paragraph at lines 1644--1644
[]\T1/lmtt/m/n/12 ## - cement         1     63929 128797 4721.0  939.2137 < 2.2e-16 ***[] 
 []


Overfull \hbox (7.80753pt too wide) in paragraph at lines 1644--1644
[]\T1/lmtt/m/n/12 ## - age            1     75321 140188 4802.4 1106.5715 < 2.2e-16 ***[] 
 []


Overfull \hbox (7.82153pt too wide) in paragraph at lines 1644--1644
[]\T1/lmtt/m/n/12 ## y_concrete_compresive ~ cement + blast_furnace + fly_ash + water +[] 
 []


Overfull \hbox (7.7585pt too wide) in paragraph at lines 1644--1644
[]\T1/lmtt/m/n/12 ## - super_plast    1      1149  66027 4076.9   16.8912 4.299e-05 ***[] 
 []


Overfull \hbox (7.80052pt too wide) in paragraph at lines 1644--1644
[]\T1/lmtt/m/n/12 ## - fly_ash        1      5359  70237 4136.3   78.8040 < 2.2e-16 ***[] 
 []


Overfull \hbox (7.78651pt too wide) in paragraph at lines 1644--1644
[]\T1/lmtt/m/n/12 ## - water          1      6844  71722 4156.4  100.6397 < 2.2e-16 ***[] 
 []


Overfull \hbox (7.79352pt too wide) in paragraph at lines 1644--1644
[]\T1/lmtt/m/n/12 ## - blast_furnace  1     28681  93559 4411.8  421.7378 < 2.2e-16 ***[] 
 []


Overfull \hbox (7.79352pt too wide) in paragraph at lines 1644--1644
[]\T1/lmtt/m/n/12 ## - cement         1     68363 133241 4751.6 1005.2373 < 2.2e-16 ***[] 
 []


Overfull \hbox (7.80052pt too wide) in paragraph at lines 1644--1644
[]\T1/lmtt/m/n/12 ## - age            1     75394 140272 4801.0 1108.6315 < 2.2e-16 ***[] 
 []


Overfull \hbox (1.61151pt too wide) in paragraph at lines 1760--1760
[]\T1/lmtt/m/n/12 ## + age            1     72105 198590 5127.1 348.1968 < 2.2e-16 ***[] 
 []


Overfull \hbox (1.61852pt too wide) in paragraph at lines 1760--1760
[]\T1/lmtt/m/n/12 ## + cement         1     62942 207754 5170.5 290.5420 < 2.2e-16 ***[] 
 []


Overfull \hbox (1.61151pt too wide) in paragraph at lines 1760--1760
[]\T1/lmtt/m/n/12 ## + super_plast    1     44529 226166 5252.1 188.8142 < 2.2e-16 ***[] 
 []


Overfull \hbox (1.62552pt too wide) in paragraph at lines 1760--1760
[]\T1/lmtt/m/n/12 ## + water          1     34144 236551 5295.2 138.4248 < 2.2e-16 ***[] 
 []


Overfull \hbox (1.61852pt too wide) in paragraph at lines 1760--1760
[]\T1/lmtt/m/n/12 ## + coarse         1      7440 263256 5398.0  27.1011 2.362e-07 ***[] 
 []


Overfull \hbox (1.63252pt too wide) in paragraph at lines 1760--1760
[]\T1/lmtt/m/n/12 ## + blast_furnace  1      5874 264821 5403.7  21.2710 4.527e-06 ***[] 
 []


Overfull \hbox (1.6045pt too wide) in paragraph at lines 1760--1760
[]\T1/lmtt/m/n/12 ## + fine_aggr      1      5602 265093 5404.7  20.2670 7.563e-06 ***[] 
 []




Package fancyhdr Warning: \headheight is too small (12.0pt): 
(fancyhdr)                Make it at least 13.59999pt, for example:
(fancyhdr)                \setlength{\headheight}{13.59999pt}.
(fancyhdr)                You might also make \topmargin smaller:
(fancyhdr)                \addtolength{\topmargin}{-1.59999pt}.

[46]
Overfull \hbox (1.6045pt too wide) in paragraph at lines 1760--1760
[]\T1/lmtt/m/n/12 ## + super_plast    1     33652  97410 4446.6 330.6147 < 2.2e-16 ***[] 
 []


Overfull \hbox (1.61151pt too wide) in paragraph at lines 1760--1760
[]\T1/lmtt/m/n/12 ## + blast_furnace  1     25164 105898 4526.9 227.4110 < 2.2e-16 ***[] 
 []


Overfull \hbox (1.62552pt too wide) in paragraph at lines 1760--1760
[]\T1/lmtt/m/n/12 ## + water          1     23078 107985 4545.6 204.5271 < 2.2e-16 ***[] 
 []


Overfull \hbox (1.5975pt too wide) in paragraph at lines 1760--1760
[]\T1/lmtt/m/n/12 ## + coarse         1      4325 126738 4699.5  32.6565 1.468e-08 ***[] 
 []


Overfull \hbox (1.61151pt too wide) in paragraph at lines 1760--1760
[]\T1/lmtt/m/n/12 ## + fly_ash        1      2651 128412 4712.1  19.7565 9.825e-06 ***[] 
 []


Overfull \hbox (1.5975pt too wide) in paragraph at lines 1760--1760
[]\T1/lmtt/m/n/12 ## - cement         1     67528 198590 5127.1 493.5929 < 2.2e-16 ***[] 
 []


Overfull \hbox (1.6045pt too wide) in paragraph at lines 1760--1760
[]\T1/lmtt/m/n/12 ## - age            1     76691 207754 5170.5 560.5706 < 2.2e-16 ***[] 
 []


Overfull \hbox (1.62552pt too wide) in paragraph at lines 1760--1760
[]\T1/lmtt/m/n/12 ## + blast_furnace  1     21785  75625 4205.3 275.3942 < 2.2e-16 ***[] 
 []


Overfull \hbox (1.61852pt too wide) in paragraph at lines 1760--1760
[]\T1/lmtt/m/n/12 ## + fine_aggr      1      4221  93190 4406.0  43.2971 7.737e-11 ***[] 
 []


Overfull \hbox (1.61852pt too wide) in paragraph at lines 1760--1760
[]\T1/lmtt/m/n/12 ## + water          1      2283  95127 4425.8  22.9430 1.933e-06 ***[] 
 []


Overfull \hbox (1.61151pt too wide) in paragraph at lines 1760--1760
[]\T1/lmtt/m/n/12 ## + fly_ash        1      1592  95819 4432.8  15.8797 7.263e-05 ***[] 
 []




Package fancyhdr Warning: \headheight is too small (12.0pt): 
(fancyhdr)                Make it at least 13.59999pt, for example:
(fancyhdr)                \setlength{\headheight}{13.59999pt}.
(fancyhdr)                You might also make \topmargin smaller:
(fancyhdr)                \addtolength{\topmargin}{-1.59999pt}.

[47]
Overfull \hbox (1.61151pt too wide) in paragraph at lines 1760--1760
[]\T1/lmtt/m/n/12 ## - super_plast    1     33652 131063 4729.8 330.6147 < 2.2e-16 ***[] 
 []


Overfull \hbox (1.5905pt too wide) in paragraph at lines 1760--1760
[]\T1/lmtt/m/n/12 ## - cement         1     62457 159867 4920.7 613.5993 < 2.2e-16 ***[] 
 []


Overfull \hbox (1.5905pt too wide) in paragraph at lines 1760--1760
[]\T1/lmtt/m/n/12 ## - age            1     70891 168301 4970.1 696.4630 < 2.2e-16 ***[] 
 []


Overfull \hbox (7.82153pt too wide) in paragraph at lines 1760--1760
[]\T1/lmtt/m/n/12 ## y_concrete_compresive ~ age + cement + super_plast + blast_furnace[] 
 []


Overfull \hbox (1.63252pt too wide) in paragraph at lines 1760--1760
[]\T1/lmtt/m/n/12 ## + water          1      5388  70237 4136.3  73.2545 < 2.2e-16 ***[] 
 []


Overfull \hbox (1.61852pt too wide) in paragraph at lines 1760--1760
[]\T1/lmtt/m/n/12 ## + fly_ash        1      3903  71722 4156.4  51.9651 1.147e-12 ***[] 
 []


Overfull \hbox (1.61151pt too wide) in paragraph at lines 1760--1760
[]\T1/lmtt/m/n/12 ## - blast_furnace  1     21785  97410 4446.6 275.3942 < 2.2e-16 ***[] 
 []


Overfull \hbox (1.6045pt too wide) in paragraph at lines 1760--1760
[]\T1/lmtt/m/n/12 ## - super_plast    1     30273 105898 4526.9 382.6917 < 2.2e-16 ***[] 
 []


Overfull \hbox (1.6045pt too wide) in paragraph at lines 1760--1760
[]\T1/lmtt/m/n/12 ## - age            1     74591 150216 4862.8 942.9251 < 2.2e-16 ***[] 
 []


Overfull \hbox (1.5905pt too wide) in paragraph at lines 1760--1760
[]\T1/lmtt/m/n/12 ## - cement         1     78288 153913 4886.2 989.6569 < 2.2e-16 ***[] 
 []


Overfull \hbox (20.17154pt too wide) in paragraph at lines 1760--1760
[]\T1/lmtt/m/n/12 ## y_concrete_compresive ~ age + cement + super_plast + blast_furnace +[] 
 []


Overfull \hbox (7.79352pt too wide) in paragraph at lines 1760--1760
[]\T1/lmtt/m/n/12 ## + fly_ash        1      5359  64878 4062.0   78.8040 < 2.2e-16 ***[] 
 []


Overfull \hbox (7.78651pt too wide) in paragraph at lines 1760--1760
[]\T1/lmtt/m/n/12 ## + fine_aggr      1      1497  68741 4117.6   20.7740 5.839e-06 ***[] 
 []


Overfull \hbox (7.80753pt too wide) in paragraph at lines 1760--1760
[]\T1/lmtt/m/n/12 ## - water          1      5388  75625 4205.3   73.2545 < 2.2e-16 ***[] 
 []


Overfull \hbox (7.79352pt too wide) in paragraph at lines 1760--1760
[]\T1/lmtt/m/n/12 ## - super_plast    1      7738  77976 4234.7  105.2161 < 2.2e-16 ***[] 
 []


Overfull \hbox (7.80052pt too wide) in paragraph at lines 1760--1760
[]\T1/lmtt/m/n/12 ## - blast_furnace  1     24890  95127 4425.8  338.4222 < 2.2e-16 ***[] 
 []


Overfull \hbox (7.80052pt too wide) in paragraph at lines 1760--1760
[]\T1/lmtt/m/n/12 ## - age            1     74879 145117 4831.6 1018.1138 < 2.2e-16 ***[] 
 []


Overfull \hbox (7.77951pt too wide) in paragraph at lines 1760--1760
[]\T1/lmtt/m/n/12 ## - cement         1     76726 146963 4843.8 1043.2183 < 2.2e-16 ***[] 
 []




Package fancyhdr Warning: \headheight is too small (12.0pt): 
(fancyhdr)                Make it at least 13.59999pt, for example:
(fancyhdr)                \setlength{\headheight}{13.59999pt}.
(fancyhdr)                You might also make \topmargin smaller:
(fancyhdr)                \addtolength{\topmargin}{-1.59999pt}.

[48]
Overfull \hbox (20.17154pt too wide) in paragraph at lines 1760--1760
[]\T1/lmtt/m/n/12 ## y_concrete_compresive ~ age + cement + super_plast + blast_furnace +[] 
 []


Overfull \hbox (7.7585pt too wide) in paragraph at lines 1760--1760
[]\T1/lmtt/m/n/12 ## - super_plast    1      1149  66027 4076.9   16.8912 4.299e-05 ***[] 
 []


Overfull \hbox (7.80052pt too wide) in paragraph at lines 1760--1760
[]\T1/lmtt/m/n/12 ## - fly_ash        1      5359  70237 4136.3   78.8040 < 2.2e-16 ***[] 
 []


Overfull \hbox (7.78651pt too wide) in paragraph at lines 1760--1760
[]\T1/lmtt/m/n/12 ## - water          1      6844  71722 4156.4  100.6397 < 2.2e-16 ***[] 
 []


Overfull \hbox (7.79352pt too wide) in paragraph at lines 1760--1760
[]\T1/lmtt/m/n/12 ## - blast_furnace  1     28681  93559 4411.8  421.7378 < 2.2e-16 ***[] 
 []


Overfull \hbox (7.79352pt too wide) in paragraph at lines 1760--1760
[]\T1/lmtt/m/n/12 ## - cement         1     68363 133241 4751.6 1005.2373 < 2.2e-16 ***[] 
 []


Overfull \hbox (7.80052pt too wide) in paragraph at lines 1760--1760
[]\T1/lmtt/m/n/12 ## - age            1     75394 140272 4801.0 1108.6315 < 2.2e-16 ***[] 
 []

<rmd_final_files/figure-latex/unnamed-chunk-50-1.pdf, id=557, 439.6425pt x 287.0725pt>
File: rmd_final_files/figure-latex/unnamed-chunk-50-1.pdf Graphic file (type pdf)
<use rmd_final_files/figure-latex/unnamed-chunk-50-1.pdf>
Package pdftex.def Info: rmd_final_files/figure-latex/unnamed-chunk-50-1.pdf  used on input line 1794.
(pdftex.def)             Requested size: 418.26846pt x 273.11594pt.



Package fancyhdr Warning: \headheight is too small (12.0pt): 
(fancyhdr)                Make it at least 13.59999pt, for example:
(fancyhdr)                \setlength{\headheight}{13.59999pt}.
(fancyhdr)                You might also make \topmargin smaller:
(fancyhdr)                \addtolength{\topmargin}{-1.59999pt}.

[49]


Package fancyhdr Warning: \headheight is too small (12.0pt): 
(fancyhdr)                Make it at least 13.59999pt, for example:
(fancyhdr)                \setlength{\headheight}{13.59999pt}.
(fancyhdr)                You might also make \topmargin smaller:
(fancyhdr)                \addtolength{\topmargin}{-1.59999pt}.

[50 <./rmd_final_files/figure-latex/unnamed-chunk-50-1.pdf>]


Package fancyhdr Warning: \headheight is too small (12.0pt): 
(fancyhdr)                Make it at least 13.59999pt, for example:
(fancyhdr)                \setlength{\headheight}{13.59999pt}.
(fancyhdr)                You might also make \topmargin smaller:
(fancyhdr)                \addtolength{\topmargin}{-1.59999pt}.

[51]
Overfull \hbox (44.85754pt too wide) in paragraph at lines 1917--1917
[]\T1/lmtt/m/n/12 ## Erreur estimée par validation croisée (10-fold) - modèle final : 64.5623[] 
 []




Package fancyhdr Warning: \headheight is too small (12.0pt): 
(fancyhdr)                Make it at least 13.59999pt, for example:
(fancyhdr)                \setlength{\headheight}{13.59999pt}.
(fancyhdr)                You might also make \topmargin smaller:
(fancyhdr)                \addtolength{\topmargin}{-1.59999pt}.

[52]
<rmd_final_files/figure-latex/unnamed-chunk-57-1.pdf, id=590, 440.64626pt x 290.08376pt>
File: rmd_final_files/figure-latex/unnamed-chunk-57-1.pdf Graphic file (type pdf)
<use rmd_final_files/figure-latex/unnamed-chunk-57-1.pdf>
Package pdftex.def Info: rmd_final_files/figure-latex/unnamed-chunk-57-1.pdf  used on input line 1949.
(pdftex.def)             Requested size: 418.26865pt x 275.35225pt.



Package fancyhdr Warning: \headheight is too small (12.0pt): 
(fancyhdr)                Make it at least 13.59999pt, for example:
(fancyhdr)                \setlength{\headheight}{13.59999pt}.
(fancyhdr)                You might also make \topmargin smaller:
(fancyhdr)                \addtolength{\topmargin}{-1.59999pt}.

[53 <./rmd_final_files/figure-latex/unnamed-chunk-57-1.pdf>]
<rmd_final_files/figure-latex/unnamed-chunk-60-1.pdf, id=606, 468.75125pt x 282.05376pt>
File: rmd_final_files/figure-latex/unnamed-chunk-60-1.pdf Graphic file (type pdf)
<use rmd_final_files/figure-latex/unnamed-chunk-60-1.pdf>
Package pdftex.def Info: rmd_final_files/figure-latex/unnamed-chunk-60-1.pdf  used on input line 1986.
(pdftex.def)             Requested size: 418.25302pt x 251.6683pt.

Underfull \hbox (badness 10000) in paragraph at lines 1986--1991
[]
 []




Package fancyhdr Warning: \headheight is too small (12.0pt): 
(fancyhdr)                Make it at least 13.59999pt, for example:
(fancyhdr)                \setlength{\headheight}{13.59999pt}.
(fancyhdr)                You might also make \topmargin smaller:
(fancyhdr)                \addtolength{\topmargin}{-1.59999pt}.

[54]
<rmd_final_files/figure-latex/unnamed-chunk-61-1.pdf, id=613, 468.75125pt x 282.05376pt>
File: rmd_final_files/figure-latex/unnamed-chunk-61-1.pdf Graphic file (type pdf)
<use rmd_final_files/figure-latex/unnamed-chunk-61-1.pdf>
Package pdftex.def Info: rmd_final_files/figure-latex/unnamed-chunk-61-1.pdf  used on input line 1994.
(pdftex.def)             Requested size: 418.25302pt x 251.6683pt.

Underfull \hbox (badness 10000) in paragraph at lines 1994--1999
[]
 []




Package fancyhdr Warning: \headheight is too small (12.0pt): 
(fancyhdr)                Make it at least 13.59999pt, for example:
(fancyhdr)                \setlength{\headheight}{13.59999pt}.
(fancyhdr)                You might also make \topmargin smaller:
(fancyhdr)                \addtolength{\topmargin}{-1.59999pt}.

[55 <./rmd_final_files/figure-latex/unnamed-chunk-60-1.pdf>]
<rmd_final_files/figure-latex/unnamed-chunk-62-1.pdf, id=627, 437.635pt x 277.035pt>
File: rmd_final_files/figure-latex/unnamed-chunk-62-1.pdf Graphic file (type pdf)
<use rmd_final_files/figure-latex/unnamed-chunk-62-1.pdf>
Package pdftex.def Info: rmd_final_files/figure-latex/unnamed-chunk-62-1.pdf  used on input line 2016.
(pdftex.def)             Requested size: 418.26172pt x 264.77118pt.



Package fancyhdr Warning: \headheight is too small (12.0pt): 
(fancyhdr)                Make it at least 13.59999pt, for example:
(fancyhdr)                \setlength{\headheight}{13.59999pt}.
(fancyhdr)                You might also make \topmargin smaller:
(fancyhdr)                \addtolength{\topmargin}{-1.59999pt}.

[56 <./rmd_final_files/figure-latex/unnamed-chunk-61-1.pdf>]
Overfull \hbox (88.09657pt too wide) in paragraph at lines 2021--2021
[]\T1/lmtt/m/n/12 ## Warning: Option grouped=FALSE enforced in cv.glmnet, since < 3 observations per[] 
 []

<rmd_final_files/figure-latex/unnamed-chunk-62-2.pdf, id=640, 439.6425pt x 274.02374pt>
File: rmd_final_files/figure-latex/unnamed-chunk-62-2.pdf Graphic file (type pdf)
<use rmd_final_files/figure-latex/unnamed-chunk-62-2.pdf>
Package pdftex.def Info: rmd_final_files/figure-latex/unnamed-chunk-62-2.pdf  used on input line 2027.
(pdftex.def)             Requested size: 418.26846pt x 260.70157pt.



Package fancyhdr Warning: \headheight is too small (12.0pt): 
(fancyhdr)                Make it at least 13.59999pt, for example:
(fancyhdr)                \setlength{\headheight}{13.59999pt}.
(fancyhdr)                You might also make \topmargin smaller:
(fancyhdr)                \addtolength{\topmargin}{-1.59999pt}.

[57 <./rmd_final_files/figure-latex/unnamed-chunk-62-1.pdf>]
<rmd_final_files/figure-latex/unnamed-chunk-63-1.pdf, id=652, 437.635pt x 286.06876pt>
File: rmd_final_files/figure-latex/unnamed-chunk-63-1.pdf Graphic file (type pdf)
<use rmd_final_files/figure-latex/unnamed-chunk-63-1.pdf>
Package pdftex.def Info: rmd_final_files/figure-latex/unnamed-chunk-63-1.pdf  used on input line 2058.
(pdftex.def)             Requested size: 418.26172pt x 273.40503pt.
<rmd_final_files/figure-latex/unnamed-chunk-63-2.pdf, id=653, 439.6425pt x 283.0575pt>
File: rmd_final_files/figure-latex/unnamed-chunk-63-2.pdf Graphic file (type pdf)
<use rmd_final_files/figure-latex/unnamed-chunk-63-2.pdf>
Package pdftex.def Info: rmd_final_files/figure-latex/unnamed-chunk-63-2.pdf  used on input line 2059.
(pdftex.def)             Requested size: 418.26846pt x 269.29613pt.



Package fancyhdr Warning: \headheight is too small (12.0pt): 
(fancyhdr)                Make it at least 13.59999pt, for example:
(fancyhdr)                \setlength{\headheight}{13.59999pt}.
(fancyhdr)                You might also make \topmargin smaller:
(fancyhdr)                \addtolength{\topmargin}{-1.59999pt}.

[58 <./rmd_final_files/figure-latex/unnamed-chunk-62-2.pdf>]


Package fancyhdr Warning: \headheight is too small (12.0pt): 
(fancyhdr)                Make it at least 13.59999pt, for example:
(fancyhdr)                \setlength{\headheight}{13.59999pt}.
(fancyhdr)                You might also make \topmargin smaller:
(fancyhdr)                \addtolength{\topmargin}{-1.59999pt}.

[59 <./rmd_final_files/figure-latex/unnamed-chunk-63-1.pdf> <./rmd_final_files/figure-latex/unnamed-chunk-63-2.pdf>]


Package fancyhdr Warning: \headheight is too small (12.0pt): 
(fancyhdr)                Make it at least 13.59999pt, for example:
(fancyhdr)                \setlength{\headheight}{13.59999pt}.
(fancyhdr)                You might also make \topmargin smaller:
(fancyhdr)                \addtolength{\topmargin}{-1.59999pt}.

[60] (./rmd_final.aux)
 ***********
LaTeX2e <2024-11-01> patch level 1
L3 programming layer <2024-11-02>
 ***********

LaTeX Warning: There were undefined references.

 ) 
Here is how much of TeX's memory you used:
 14245 strings out of 475270
 238412 string characters out of 5768001
 628323 words of memory out of 5000000
 36790 multiletter control sequences out of 15000+600000
 617087 words of font info for 86 fonts, out of 8000000 for 9000
 14 hyphenation exceptions out of 8191
 89i,13n,93p,947b,603s stack positions out of 10000i,1000n,20000p,200000b,200000s
<c:/ProgramData/TinyTeX/texmf-dist/fonts/type1/public/lm/lmbx12.pfb><c:/ProgramData/TinyTeX/texmf-dist/fonts/type1/public/lm/lmmi12.pfb><c:/ProgramData/TinyTeX/texmf-dist/fonts/type1/public/lm/lmr10.pfb><c:/ProgramData/TinyTeX/texmf-dist/fonts/type1/public/lm/lmr12.pfb><c:/ProgramData/TinyTeX/texmf-dist/fonts/type1/public/lm/lmr17.pfb><c:/ProgramData/TinyTeX/texmf-dist/fonts/type1/public/lm/lmr8.pfb><c:/ProgramData/TinyTeX/texmf-dist/fonts/type1/public/lm/lmri12.pfb><c:/ProgramData/TinyTeX/texmf-dist/fonts/type1/public/lm/lmtk10.pfb><c:/ProgramData/TinyTeX/texmf-dist/fonts/type1/public/lm/lmtt12.pfb><c:/ProgramData/TinyTeX/texmf-dist/fonts/type1/public/lm/lmtti10.pfb>
Output written on rmd_final.pdf (60 pages, 1242645 bytes).
PDF statistics:
 845 PDF objects out of 1000 (max. 8388607)
 637 compressed objects within 7 object streams
 131 named destinations out of 1000 (max. 500000)
 367 words of extra memory for PDF output out of 10000 (max. 10000000)

